<?xml version="1.0" encoding="UTF-8"?>
<testng-results ignored="0" total="24" passed="24" failed="0" skipped="0">
  <reporter-output>
    <line>
      <![CDATA[attempted to load nonexistent reference]]>
    </line>
  </reporter-output>
  <suite started-at="2022-01-27T17:39:00 CET" name="Command line suite" finished-at="2022-01-27T17:39:04 CET" duration-ms="3947">
    <groups>
    </groups>
    <test started-at="2022-01-27T17:39:00 CET" name="Command line test" finished-at="2022-01-27T17:39:04 CET" duration-ms="3947">
      <class name="chapter07.lifecycle.LifecycleTest">
        <test-method signature="persistenceErrorTests()[pri:0, instance:chapter07.lifecycle.LifecycleTest@293a5bf6]" started-at="2022-01-27T17:39:03 CET" name="persistenceErrorTests" finished-at="2022-01-27T17:39:03 CET" duration-ms="301" status="PASS">
          <reporter-output>
          </reporter-output>
        </test-method> <!-- persistenceErrorTests -->
        <test-method signature="prepersistException()[pri:0, instance:chapter07.lifecycle.LifecycleTest@293a5bf6]" started-at="2022-01-27T17:39:03 CET" name="prepersistException" finished-at="2022-01-27T17:39:03 CET" duration-ms="357" status="PASS">
          <reporter-output>
          </reporter-output>
        </test-method> <!-- prepersistException -->
        <test-method signature="testPostLoad()[pri:0, instance:chapter07.lifecycle.LifecycleTest@293a5bf6]" started-at="2022-01-27T17:39:03 CET" name="testPostLoad" finished-at="2022-01-27T17:39:03 CET" duration-ms="93" status="PASS">
          <exception class="java.lang.RuntimeException">
            <message>
              <![CDATA[postload failure]]>
            </message>
            <full-stacktrace>
              <![CDATA[java.lang.RuntimeException: postload failure
at chapter07.lifecycle.FailingEntity.postLoad(FailingEntity.java:40)
at java.base/jdk.internal.reflect.NativeMethodAccessorImpl.invoke0(Native Method)
at java.base/jdk.internal.reflect.NativeMethodAccessorImpl.invoke(NativeMethodAccessorImpl.java:62)
at java.base/jdk.internal.reflect.DelegatingMethodAccessorImpl.invoke(DelegatingMethodAccessorImpl.java:43)
at java.base/java.lang.reflect.Method.invoke(Method.java:566)
at org.hibernate.jpa.event.internal.EntityCallback.performCallback(EntityCallback.java:32)
at org.hibernate.jpa.event.internal.CallbackRegistryImpl.callback(CallbackRegistryImpl.java:95)
at org.hibernate.jpa.event.internal.CallbackRegistryImpl.postLoad(CallbackRegistryImpl.java:89)
at org.hibernate.event.internal.DefaultPostLoadEventListener.onPostLoad(DefaultPostLoadEventListener.java:45)
at org.hibernate.sql.results.jdbc.internal.JdbcValuesSourceProcessingStateStandardImpl.lambda$postLoad$0(JdbcValuesSourceProcessingStateStandardImpl.java:200)
at java.base/java.util.HashMap.forEach(HashMap.java:1337)
at org.hibernate.sql.results.jdbc.internal.JdbcValuesSourceProcessingStateStandardImpl.postLoad(JdbcValuesSourceProcessingStateStandardImpl.java:192)
at org.hibernate.sql.results.jdbc.internal.JdbcValuesSourceProcessingStateStandardImpl.finishUp(JdbcValuesSourceProcessingStateStandardImpl.java:177)
at org.hibernate.sql.results.spi.ListResultsConsumer.consume(ListResultsConsumer.java:82)
at org.hibernate.sql.results.spi.ListResultsConsumer.consume(ListResultsConsumer.java:24)
at org.hibernate.sql.exec.internal.JdbcSelectExecutorStandardImpl.doExecuteQuery(JdbcSelectExecutorStandardImpl.java:228)
at org.hibernate.sql.exec.internal.JdbcSelectExecutorStandardImpl.executeQuery(JdbcSelectExecutorStandardImpl.java:146)
at org.hibernate.sql.exec.internal.JdbcSelectExecutorStandardImpl.list(JdbcSelectExecutorStandardImpl.java:74)
at org.hibernate.loader.ast.internal.SingleIdLoadPlan.load(SingleIdLoadPlan.java:117)
at org.hibernate.loader.ast.internal.SingleIdLoadPlan.load(SingleIdLoadPlan.java:76)
at org.hibernate.loader.ast.internal.SingleIdEntityLoaderStandardImpl.load(SingleIdEntityLoaderStandardImpl.java:71)
at org.hibernate.persister.entity.AbstractEntityPersister.doLoad(AbstractEntityPersister.java:4662)
at org.hibernate.persister.entity.AbstractEntityPersister.load(AbstractEntityPersister.java:4652)
at org.hibernate.event.internal.DefaultLoadEventListener.loadFromDatasource(DefaultLoadEventListener.java:561)
at org.hibernate.event.internal.DefaultLoadEventListener.doLoad(DefaultLoadEventListener.java:535)
at org.hibernate.event.internal.DefaultLoadEventListener.load(DefaultLoadEventListener.java:206)
at org.hibernate.event.internal.DefaultLoadEventListener.proxyOrLoad(DefaultLoadEventListener.java:323)
at org.hibernate.event.internal.DefaultLoadEventListener.doOnLoad(DefaultLoadEventListener.java:107)
at org.hibernate.event.internal.DefaultLoadEventListener.onLoad(DefaultLoadEventListener.java:73)
at org.hibernate.event.service.internal.EventListenerGroupImpl.fireEventOnEachListener(EventListenerGroupImpl.java:112)
at org.hibernate.internal.SessionImpl.fireLoadNoChecks(SessionImpl.java:1183)
at org.hibernate.internal.SessionImpl.fireLoad(SessionImpl.java:1172)
at org.hibernate.loader.access.IdentifierLoadAccessImpl.doLoad(IdentifierLoadAccessImpl.java:182)
at org.hibernate.loader.access.IdentifierLoadAccessImpl.lambda$load$1(IdentifierLoadAccessImpl.java:151)
at org.hibernate.loader.access.IdentifierLoadAccessImpl.perform(IdentifierLoadAccessImpl.java:98)
at org.hibernate.loader.access.IdentifierLoadAccessImpl.load(IdentifierLoadAccessImpl.java:151)
at chapter07.lifecycle.LifecycleTest.testPostLoad(LifecycleTest.java:97)
at java.base/jdk.internal.reflect.NativeMethodAccessorImpl.invoke0(Native Method)
at java.base/jdk.internal.reflect.NativeMethodAccessorImpl.invoke(NativeMethodAccessorImpl.java:62)
at java.base/jdk.internal.reflect.DelegatingMethodAccessorImpl.invoke(DelegatingMethodAccessorImpl.java:43)
at java.base/java.lang.reflect.Method.invoke(Method.java:566)
at org.testng.internal.MethodInvocationHelper.invokeMethod(MethodInvocationHelper.java:133)
at org.testng.internal.TestInvoker.invokeMethod(TestInvoker.java:598)
at org.testng.internal.TestInvoker.invokeTestMethod(TestInvoker.java:173)
at org.testng.internal.MethodRunner.runInSequence(MethodRunner.java:46)
at org.testng.internal.TestInvoker$MethodInvocationAgent.invoke(TestInvoker.java:824)
at org.testng.internal.TestInvoker.invokeTestMethods(TestInvoker.java:146)
at org.testng.internal.TestMethodWorker.invokeTestMethods(TestMethodWorker.java:146)
at org.testng.internal.TestMethodWorker.run(TestMethodWorker.java:128)
at java.base/java.util.ArrayList.forEach(ArrayList.java:1541)
at org.testng.TestRunner.privateRun(TestRunner.java:794)
at org.testng.TestRunner.run(TestRunner.java:596)
at org.testng.SuiteRunner.runTest(SuiteRunner.java:377)
at org.testng.SuiteRunner.runSequentially(SuiteRunner.java:371)
at org.testng.SuiteRunner.privateRun(SuiteRunner.java:332)
at org.testng.SuiteRunner.run(SuiteRunner.java:276)
at org.testng.SuiteRunnerWorker.runSuite(SuiteRunnerWorker.java:53)
at org.testng.SuiteRunnerWorker.run(SuiteRunnerWorker.java:96)
at org.testng.TestNG.runSuitesSequentially(TestNG.java:1212)
at org.testng.TestNG.runSuitesLocally(TestNG.java:1134)
at org.testng.TestNG.runSuites(TestNG.java:1063)
at org.testng.TestNG.run(TestNG.java:1031)
at org.apache.maven.surefire.testng.TestNGExecutor.run(TestNGExecutor.java:77)
at org.apache.maven.surefire.testng.TestNGDirectoryTestSuite.executeMulti(TestNGDirectoryTestSuite.java:159)
at org.apache.maven.surefire.testng.TestNGDirectoryTestSuite.execute(TestNGDirectoryTestSuite.java:99)
at org.apache.maven.surefire.testng.TestNGProvider.invoke(TestNGProvider.java:106)
at java.base/jdk.internal.reflect.NativeMethodAccessorImpl.invoke0(Native Method)
at java.base/jdk.internal.reflect.NativeMethodAccessorImpl.invoke(NativeMethodAccessorImpl.java:62)
at java.base/jdk.internal.reflect.DelegatingMethodAccessorImpl.invoke(DelegatingMethodAccessorImpl.java:43)
at java.base/java.lang.reflect.Method.invoke(Method.java:566)
at org.apache.maven.surefire.util.ReflectionUtils.invokeMethodWithArray(ReflectionUtils.java:189)
at org.apache.maven.surefire.booter.ProviderFactory$ProviderProxy.invoke(ProviderFactory.java:165)
at org.apache.maven.surefire.booter.ProviderFactory.invokeProvider(ProviderFactory.java:85)
at org.apache.maven.surefire.booter.ForkedBooter.runSuitesInProcess(ForkedBooter.java:115)
at org.apache.maven.surefire.booter.ForkedBooter.main(ForkedBooter.java:75)
]]>
            </full-stacktrace>
          </exception> <!-- java.lang.RuntimeException -->
          <reporter-output>
          </reporter-output>
        </test-method> <!-- testPostLoad -->
      </class> <!-- chapter07.lifecycle.LifecycleTest -->
      <class name="chapter07.lifecycle.ExternalListenerTest">
        <test-method signature="testExternalListener()[pri:0, instance:chapter07.lifecycle.ExternalListenerTest@7f0eb4b4]" started-at="2022-01-27T17:39:00 CET" name="testExternalListener" finished-at="2022-01-27T17:39:02 CET" duration-ms="2512" status="PASS">
          <reporter-output>
          </reporter-output>
        </test-method> <!-- testExternalListener -->
      </class> <!-- chapter07.lifecycle.ExternalListenerTest -->
      <class name="chapter07.validator.ParameterizedTest">
        <test-method signature="testValidations(java.lang.String,java.lang.String,java.lang.Integer,boolean)[pri:0, instance:chapter07.validator.ParameterizedTest@f6efaab]" started-at="2022-01-27T17:39:04 CET" name="testValidations" data-provider="provider" finished-at="2022-01-27T17:39:04 CET" duration-ms="3" status="PASS">
          <params>
            <param index="0">
              <value>
                <![CDATA[Johnny]]>
              </value>
            </param>
            <param index="1">
              <value>
                <![CDATA[McYoungster]]>
              </value>
            </param>
            <param index="2">
              <value>
                <![CDATA[15]]>
              </value>
            </param>
            <param index="3">
              <value>
                <![CDATA[false]]>
              </value>
            </param>
          </params>
          <reporter-output>
          </reporter-output>
        </test-method> <!-- testValidations -->
        <test-method signature="testValidations(java.lang.String,java.lang.String,java.lang.Integer,boolean)[pri:0, instance:chapter07.validator.ParameterizedTest@f6efaab]" started-at="2022-01-27T17:39:04 CET" name="testValidations" data-provider="provider" finished-at="2022-01-27T17:39:04 CET" duration-ms="12" status="PASS">
          <params>
            <param index="0">
              <value>
                <![CDATA[Johnny]]>
              </value>
            </param>
            <param index="1">
              <value>
                <![CDATA[McYoungster]]>
              </value>
            </param>
            <param index="2">
              <value>
                <![CDATA[12]]>
              </value>
            </param>
            <param index="3">
              <value>
                <![CDATA[true]]>
              </value>
            </param>
          </params>
          <reporter-output>
          </reporter-output>
        </test-method> <!-- testValidations -->
        <test-method signature="testValidations(java.lang.String,java.lang.String,java.lang.Integer,boolean)[pri:0, instance:chapter07.validator.ParameterizedTest@f6efaab]" started-at="2022-01-27T17:39:04 CET" name="testValidations" data-provider="provider" finished-at="2022-01-27T17:39:04 CET" duration-ms="0" status="PASS">
          <params>
            <param index="0">
              <value>
                <![CDATA[Johnny]]>
              </value>
            </param>
            <param index="1">
              <value>
                <![CDATA[M]]>
              </value>
            </param>
            <param index="2">
              <value>
                <![CDATA[14]]>
              </value>
            </param>
            <param index="3">
              <value>
                <![CDATA[true]]>
              </value>
            </param>
          </params>
          <reporter-output>
          </reporter-output>
        </test-method> <!-- testValidations -->
        <test-method signature="testValidations(java.lang.String,java.lang.String,java.lang.Integer,boolean)[pri:0, instance:chapter07.validator.ParameterizedTest@f6efaab]" started-at="2022-01-27T17:39:04 CET" name="testValidations" data-provider="provider" finished-at="2022-01-27T17:39:04 CET" duration-ms="0" status="PASS">
          <params>
            <param index="0">
              <value>
                <![CDATA[J]]>
              </value>
            </param>
            <param index="1">
              <value>
                <![CDATA[McYoungster]]>
              </value>
            </param>
            <param index="2">
              <value>
                <![CDATA[14]]>
              </value>
            </param>
            <param index="3">
              <value>
                <![CDATA[true]]>
              </value>
            </param>
          </params>
          <reporter-output>
          </reporter-output>
        </test-method> <!-- testValidations -->
        <test-method signature="testValidations(java.lang.String,java.lang.String,java.lang.Integer,boolean)[pri:0, instance:chapter07.validator.ParameterizedTest@f6efaab]" started-at="2022-01-27T17:39:04 CET" name="testValidations" data-provider="provider" finished-at="2022-01-27T17:39:04 CET" duration-ms="0" status="PASS">
          <params>
            <param index="0">
              <value>
                <![CDATA[Johnny]]>
              </value>
            </param>
            <param index="1">
              <value is-null="true"/>
            </param>
            <param index="2">
              <value>
                <![CDATA[14]]>
              </value>
            </param>
            <param index="3">
              <value>
                <![CDATA[true]]>
              </value>
            </param>
          </params>
          <reporter-output>
          </reporter-output>
        </test-method> <!-- testValidations -->
      </class> <!-- chapter07.validator.ParameterizedTest -->
      <class name="chapter07.validator.ValidatorTest">
        <test-method signature="createValidPerson()[pri:0, instance:chapter07.validator.ValidatorTest@3c19aaa5]" started-at="2022-01-27T17:39:04 CET" name="createValidPerson" finished-at="2022-01-27T17:39:04 CET" duration-ms="3" status="PASS">
          <reporter-output>
          </reporter-output>
        </test-method> <!-- createValidPerson -->
        <test-method signature="createUnvalidatedUnderagePerson()[pri:0, instance:chapter07.validator.ValidatorTest@3c19aaa5]" started-at="2022-01-27T17:39:04 CET" name="createUnvalidatedUnderagePerson" finished-at="2022-01-27T17:39:04 CET" duration-ms="0" status="PASS">
          <reporter-output>
          </reporter-output>
        </test-method> <!-- createUnvalidatedUnderagePerson -->
        <test-method signature="createValidatedUnderagePerson()[pri:0, instance:chapter07.validator.ValidatorTest@3c19aaa5]" started-at="2022-01-27T17:39:04 CET" name="createValidatedUnderagePerson" finished-at="2022-01-27T17:39:04 CET" duration-ms="0" status="PASS">
          <exception class="javax.validation.ConstraintViolationException">
            <message>
              <![CDATA[Validation failed for classes [chapter07.validated.ValidatedPerson] during persist time for groups [javax.validation.groups.Default, ]
List of constraint violations:[
ConstraintViolationImpl{interpolatedMessage='must be greater than or equal to 13', propertyPath=age, rootBeanClass=class chapter07.validated.ValidatedPerson, messageTemplate='{javax.validation.constraints.Min.message}'}
]]]>
            </message>
            <full-stacktrace>
              <![CDATA[javax.validation.ConstraintViolationException: Validation failed for classes [chapter07.validated.ValidatedPerson] during persist time for groups [javax.validation.groups.Default, ]
List of constraint violations:[
ConstraintViolationImpl{interpolatedMessage='must be greater than or equal to 13', propertyPath=age, rootBeanClass=class chapter07.validated.ValidatedPerson, messageTemplate='{javax.validation.constraints.Min.message}'}
]
at org.hibernate.cfg.beanvalidation.BeanValidationEventListener.validate(BeanValidationEventListener.java:139)
at org.hibernate.cfg.beanvalidation.BeanValidationEventListener.onPreInsert(BeanValidationEventListener.java:80)
at org.hibernate.action.internal.EntityIdentityInsertAction.preInsert(EntityIdentityInsertAction.java:186)
at org.hibernate.action.internal.EntityIdentityInsertAction.execute(EntityIdentityInsertAction.java:76)
at org.hibernate.engine.spi.ActionQueue.execute(ActionQueue.java:646)
at org.hibernate.engine.spi.ActionQueue.addResolvedEntityInsertAction(ActionQueue.java:283)
at org.hibernate.engine.spi.ActionQueue.addInsertAction(ActionQueue.java:264)
at org.hibernate.engine.spi.ActionQueue.addAction(ActionQueue.java:318)
at org.hibernate.event.internal.AbstractSaveEventListener.addInsertAction(AbstractSaveEventListener.java:336)
at org.hibernate.event.internal.AbstractSaveEventListener.performSaveOrReplicate(AbstractSaveEventListener.java:287)
at org.hibernate.event.internal.AbstractSaveEventListener.performSave(AbstractSaveEventListener.java:193)
at org.hibernate.event.internal.AbstractSaveEventListener.saveWithGeneratedId(AbstractSaveEventListener.java:123)
at org.hibernate.event.internal.DefaultPersistEventListener.entityIsTransient(DefaultPersistEventListener.java:185)
at org.hibernate.event.internal.DefaultPersistEventListener.onPersist(DefaultPersistEventListener.java:128)
at org.hibernate.event.internal.DefaultPersistEventListener.onPersist(DefaultPersistEventListener.java:55)
at org.hibernate.event.service.internal.EventListenerGroupImpl.fireEventOnEachListener(EventListenerGroupImpl.java:101)
at org.hibernate.internal.SessionImpl.firePersist(SessionImpl.java:703)
at org.hibernate.internal.SessionImpl.persist(SessionImpl.java:689)
at chapter07.validator.ValidatorTest.persist(ValidatorTest.java:19)
at chapter07.validator.ValidatorTest.createValidatedUnderagePerson(ValidatorTest.java:54)
at java.base/jdk.internal.reflect.NativeMethodAccessorImpl.invoke0(Native Method)
at java.base/jdk.internal.reflect.NativeMethodAccessorImpl.invoke(NativeMethodAccessorImpl.java:62)
at java.base/jdk.internal.reflect.DelegatingMethodAccessorImpl.invoke(DelegatingMethodAccessorImpl.java:43)
at java.base/java.lang.reflect.Method.invoke(Method.java:566)
at org.testng.internal.MethodInvocationHelper.invokeMethod(MethodInvocationHelper.java:133)
at org.testng.internal.TestInvoker.invokeMethod(TestInvoker.java:598)
at org.testng.internal.TestInvoker.invokeTestMethod(TestInvoker.java:173)
at org.testng.internal.MethodRunner.runInSequence(MethodRunner.java:46)
at org.testng.internal.TestInvoker$MethodInvocationAgent.invoke(TestInvoker.java:824)
at org.testng.internal.TestInvoker.invokeTestMethods(TestInvoker.java:146)
at org.testng.internal.TestMethodWorker.invokeTestMethods(TestMethodWorker.java:146)
at org.testng.internal.TestMethodWorker.run(TestMethodWorker.java:128)
at java.base/java.util.ArrayList.forEach(ArrayList.java:1541)
at org.testng.TestRunner.privateRun(TestRunner.java:794)
at org.testng.TestRunner.run(TestRunner.java:596)
at org.testng.SuiteRunner.runTest(SuiteRunner.java:377)
at org.testng.SuiteRunner.runSequentially(SuiteRunner.java:371)
at org.testng.SuiteRunner.privateRun(SuiteRunner.java:332)
at org.testng.SuiteRunner.run(SuiteRunner.java:276)
at org.testng.SuiteRunnerWorker.runSuite(SuiteRunnerWorker.java:53)
at org.testng.SuiteRunnerWorker.run(SuiteRunnerWorker.java:96)
at org.testng.TestNG.runSuitesSequentially(TestNG.java:1212)
at org.testng.TestNG.runSuitesLocally(TestNG.java:1134)
at org.testng.TestNG.runSuites(TestNG.java:1063)
at org.testng.TestNG.run(TestNG.java:1031)
at org.apache.maven.surefire.testng.TestNGExecutor.run(TestNGExecutor.java:77)
at org.apache.maven.surefire.testng.TestNGDirectoryTestSuite.executeMulti(TestNGDirectoryTestSuite.java:159)
at org.apache.maven.surefire.testng.TestNGDirectoryTestSuite.execute(TestNGDirectoryTestSuite.java:99)
at org.apache.maven.surefire.testng.TestNGProvider.invoke(TestNGProvider.java:106)
at java.base/jdk.internal.reflect.NativeMethodAccessorImpl.invoke0(Native Method)
at java.base/jdk.internal.reflect.NativeMethodAccessorImpl.invoke(NativeMethodAccessorImpl.java:62)
at java.base/jdk.internal.reflect.DelegatingMethodAccessorImpl.invoke(DelegatingMethodAccessorImpl.java:43)
at java.base/java.lang.reflect.Method.invoke(Method.java:566)
at org.apache.maven.surefire.util.ReflectionUtils.invokeMethodWithArray(ReflectionUtils.java:189)
at org.apache.maven.surefire.booter.ProviderFactory$ProviderProxy.invoke(ProviderFactory.java:165)
at org.apache.maven.surefire.booter.ProviderFactory.invokeProvider(ProviderFactory.java:85)
at org.apache.maven.surefire.booter.ForkedBooter.runSuitesInProcess(ForkedBooter.java:115)
at org.apache.maven.surefire.booter.ForkedBooter.main(ForkedBooter.java:75)
]]>
            </full-stacktrace>
          </exception> <!-- javax.validation.ConstraintViolationException -->
          <reporter-output>
          </reporter-output>
        </test-method> <!-- createValidatedUnderagePerson -->
        <test-method signature="createValidatedNoFNamePerson()[pri:0, instance:chapter07.validator.ValidatorTest@3c19aaa5]" started-at="2022-01-27T17:39:04 CET" name="createValidatedNoFNamePerson" finished-at="2022-01-27T17:39:04 CET" duration-ms="0" status="PASS">
          <exception class="javax.validation.ConstraintViolationException">
            <message>
              <![CDATA[Validation failed for classes [chapter07.validated.ValidatedPerson] during persist time for groups [javax.validation.groups.Default, ]
List of constraint violations:[
ConstraintViolationImpl{interpolatedMessage='must not be null', propertyPath=fname, rootBeanClass=class chapter07.validated.ValidatedPerson, messageTemplate='{javax.validation.constraints.NotNull.message}'}
]]]>
            </message>
            <full-stacktrace>
              <![CDATA[javax.validation.ConstraintViolationException: Validation failed for classes [chapter07.validated.ValidatedPerson] during persist time for groups [javax.validation.groups.Default, ]
List of constraint violations:[
ConstraintViolationImpl{interpolatedMessage='must not be null', propertyPath=fname, rootBeanClass=class chapter07.validated.ValidatedPerson, messageTemplate='{javax.validation.constraints.NotNull.message}'}
]
at org.hibernate.cfg.beanvalidation.BeanValidationEventListener.validate(BeanValidationEventListener.java:139)
at org.hibernate.cfg.beanvalidation.BeanValidationEventListener.onPreInsert(BeanValidationEventListener.java:80)
at org.hibernate.action.internal.EntityIdentityInsertAction.preInsert(EntityIdentityInsertAction.java:186)
at org.hibernate.action.internal.EntityIdentityInsertAction.execute(EntityIdentityInsertAction.java:76)
at org.hibernate.engine.spi.ActionQueue.execute(ActionQueue.java:646)
at org.hibernate.engine.spi.ActionQueue.addResolvedEntityInsertAction(ActionQueue.java:283)
at org.hibernate.engine.spi.ActionQueue.addInsertAction(ActionQueue.java:264)
at org.hibernate.engine.spi.ActionQueue.addAction(ActionQueue.java:318)
at org.hibernate.event.internal.AbstractSaveEventListener.addInsertAction(AbstractSaveEventListener.java:336)
at org.hibernate.event.internal.AbstractSaveEventListener.performSaveOrReplicate(AbstractSaveEventListener.java:287)
at org.hibernate.event.internal.AbstractSaveEventListener.performSave(AbstractSaveEventListener.java:193)
at org.hibernate.event.internal.AbstractSaveEventListener.saveWithGeneratedId(AbstractSaveEventListener.java:123)
at org.hibernate.event.internal.DefaultPersistEventListener.entityIsTransient(DefaultPersistEventListener.java:185)
at org.hibernate.event.internal.DefaultPersistEventListener.onPersist(DefaultPersistEventListener.java:128)
at org.hibernate.event.internal.DefaultPersistEventListener.onPersist(DefaultPersistEventListener.java:55)
at org.hibernate.event.service.internal.EventListenerGroupImpl.fireEventOnEachListener(EventListenerGroupImpl.java:101)
at org.hibernate.internal.SessionImpl.firePersist(SessionImpl.java:703)
at org.hibernate.internal.SessionImpl.persist(SessionImpl.java:689)
at chapter07.validator.ValidatorTest.persist(ValidatorTest.java:19)
at chapter07.validator.ValidatorTest.createValidatedNoFNamePerson(ValidatorTest.java:72)
at java.base/jdk.internal.reflect.NativeMethodAccessorImpl.invoke0(Native Method)
at java.base/jdk.internal.reflect.NativeMethodAccessorImpl.invoke(NativeMethodAccessorImpl.java:62)
at java.base/jdk.internal.reflect.DelegatingMethodAccessorImpl.invoke(DelegatingMethodAccessorImpl.java:43)
at java.base/java.lang.reflect.Method.invoke(Method.java:566)
at org.testng.internal.MethodInvocationHelper.invokeMethod(MethodInvocationHelper.java:133)
at org.testng.internal.TestInvoker.invokeMethod(TestInvoker.java:598)
at org.testng.internal.TestInvoker.invokeTestMethod(TestInvoker.java:173)
at org.testng.internal.MethodRunner.runInSequence(MethodRunner.java:46)
at org.testng.internal.TestInvoker$MethodInvocationAgent.invoke(TestInvoker.java:824)
at org.testng.internal.TestInvoker.invokeTestMethods(TestInvoker.java:146)
at org.testng.internal.TestMethodWorker.invokeTestMethods(TestMethodWorker.java:146)
at org.testng.internal.TestMethodWorker.run(TestMethodWorker.java:128)
at java.base/java.util.ArrayList.forEach(ArrayList.java:1541)
at org.testng.TestRunner.privateRun(TestRunner.java:794)
at org.testng.TestRunner.run(TestRunner.java:596)
at org.testng.SuiteRunner.runTest(SuiteRunner.java:377)
at org.testng.SuiteRunner.runSequentially(SuiteRunner.java:371)
at org.testng.SuiteRunner.privateRun(SuiteRunner.java:332)
at org.testng.SuiteRunner.run(SuiteRunner.java:276)
at org.testng.SuiteRunnerWorker.runSuite(SuiteRunnerWorker.java:53)
at org.testng.SuiteRunnerWorker.run(SuiteRunnerWorker.java:96)
at org.testng.TestNG.runSuitesSequentially(TestNG.java:1212)
at org.testng.TestNG.runSuitesLocally(TestNG.java:1134)
at org.testng.TestNG.runSuites(TestNG.java:1063)
at org.testng.TestNG.run(TestNG.java:1031)
at org.apache.maven.surefire.testng.TestNGExecutor.run(TestNGExecutor.java:77)
at org.apache.maven.surefire.testng.TestNGDirectoryTestSuite.executeMulti(TestNGDirectoryTestSuite.java:159)
at org.apache.maven.surefire.testng.TestNGDirectoryTestSuite.execute(TestNGDirectoryTestSuite.java:99)
at org.apache.maven.surefire.testng.TestNGProvider.invoke(TestNGProvider.java:106)
at java.base/jdk.internal.reflect.NativeMethodAccessorImpl.invoke0(Native Method)
at java.base/jdk.internal.reflect.NativeMethodAccessorImpl.invoke(NativeMethodAccessorImpl.java:62)
at java.base/jdk.internal.reflect.DelegatingMethodAccessorImpl.invoke(DelegatingMethodAccessorImpl.java:43)
at java.base/java.lang.reflect.Method.invoke(Method.java:566)
at org.apache.maven.surefire.util.ReflectionUtils.invokeMethodWithArray(ReflectionUtils.java:189)
at org.apache.maven.surefire.booter.ProviderFactory$ProviderProxy.invoke(ProviderFactory.java:165)
at org.apache.maven.surefire.booter.ProviderFactory.invokeProvider(ProviderFactory.java:85)
at org.apache.maven.surefire.booter.ForkedBooter.runSuitesInProcess(ForkedBooter.java:115)
at org.apache.maven.surefire.booter.ForkedBooter.main(ForkedBooter.java:75)
]]>
            </full-stacktrace>
          </exception> <!-- javax.validation.ConstraintViolationException -->
          <reporter-output>
          </reporter-output>
        </test-method> <!-- createValidatedNoFNamePerson -->
        <test-method signature="createValidatedPoorFNamePerson2()[pri:0, instance:chapter07.validator.ValidatorTest@3c19aaa5]" started-at="2022-01-27T17:39:04 CET" name="createValidatedPoorFNamePerson2" finished-at="2022-01-27T17:39:04 CET" duration-ms="0" status="PASS">
          <exception class="javax.validation.ConstraintViolationException">
            <message>
              <![CDATA[Validation failed for classes [chapter07.validated.ValidatedPerson] during persist time for groups [javax.validation.groups.Default, ]
List of constraint violations:[
ConstraintViolationImpl{interpolatedMessage='size must be between 2 and 60', propertyPath=fname, rootBeanClass=class chapter07.validated.ValidatedPerson, messageTemplate='{javax.validation.constraints.Size.message}'}
]]]>
            </message>
            <full-stacktrace>
              <![CDATA[javax.validation.ConstraintViolationException: Validation failed for classes [chapter07.validated.ValidatedPerson] during persist time for groups [javax.validation.groups.Default, ]
List of constraint violations:[
ConstraintViolationImpl{interpolatedMessage='size must be between 2 and 60', propertyPath=fname, rootBeanClass=class chapter07.validated.ValidatedPerson, messageTemplate='{javax.validation.constraints.Size.message}'}
]
at org.hibernate.cfg.beanvalidation.BeanValidationEventListener.validate(BeanValidationEventListener.java:139)
at org.hibernate.cfg.beanvalidation.BeanValidationEventListener.onPreInsert(BeanValidationEventListener.java:80)
at org.hibernate.action.internal.EntityIdentityInsertAction.preInsert(EntityIdentityInsertAction.java:186)
at org.hibernate.action.internal.EntityIdentityInsertAction.execute(EntityIdentityInsertAction.java:76)
at org.hibernate.engine.spi.ActionQueue.execute(ActionQueue.java:646)
at org.hibernate.engine.spi.ActionQueue.addResolvedEntityInsertAction(ActionQueue.java:283)
at org.hibernate.engine.spi.ActionQueue.addInsertAction(ActionQueue.java:264)
at org.hibernate.engine.spi.ActionQueue.addAction(ActionQueue.java:318)
at org.hibernate.event.internal.AbstractSaveEventListener.addInsertAction(AbstractSaveEventListener.java:336)
at org.hibernate.event.internal.AbstractSaveEventListener.performSaveOrReplicate(AbstractSaveEventListener.java:287)
at org.hibernate.event.internal.AbstractSaveEventListener.performSave(AbstractSaveEventListener.java:193)
at org.hibernate.event.internal.AbstractSaveEventListener.saveWithGeneratedId(AbstractSaveEventListener.java:123)
at org.hibernate.event.internal.DefaultPersistEventListener.entityIsTransient(DefaultPersistEventListener.java:185)
at org.hibernate.event.internal.DefaultPersistEventListener.onPersist(DefaultPersistEventListener.java:128)
at org.hibernate.event.internal.DefaultPersistEventListener.onPersist(DefaultPersistEventListener.java:55)
at org.hibernate.event.service.internal.EventListenerGroupImpl.fireEventOnEachListener(EventListenerGroupImpl.java:101)
at org.hibernate.internal.SessionImpl.firePersist(SessionImpl.java:703)
at org.hibernate.internal.SessionImpl.persist(SessionImpl.java:689)
at chapter07.validator.ValidatorTest.persist(ValidatorTest.java:19)
at chapter07.validator.ValidatorTest.createValidatedPoorFNamePerson2(ValidatorTest.java:63)
at java.base/jdk.internal.reflect.NativeMethodAccessorImpl.invoke0(Native Method)
at java.base/jdk.internal.reflect.NativeMethodAccessorImpl.invoke(NativeMethodAccessorImpl.java:62)
at java.base/jdk.internal.reflect.DelegatingMethodAccessorImpl.invoke(DelegatingMethodAccessorImpl.java:43)
at java.base/java.lang.reflect.Method.invoke(Method.java:566)
at org.testng.internal.MethodInvocationHelper.invokeMethod(MethodInvocationHelper.java:133)
at org.testng.internal.TestInvoker.invokeMethod(TestInvoker.java:598)
at org.testng.internal.TestInvoker.invokeTestMethod(TestInvoker.java:173)
at org.testng.internal.MethodRunner.runInSequence(MethodRunner.java:46)
at org.testng.internal.TestInvoker$MethodInvocationAgent.invoke(TestInvoker.java:824)
at org.testng.internal.TestInvoker.invokeTestMethods(TestInvoker.java:146)
at org.testng.internal.TestMethodWorker.invokeTestMethods(TestMethodWorker.java:146)
at org.testng.internal.TestMethodWorker.run(TestMethodWorker.java:128)
at java.base/java.util.ArrayList.forEach(ArrayList.java:1541)
at org.testng.TestRunner.privateRun(TestRunner.java:794)
at org.testng.TestRunner.run(TestRunner.java:596)
at org.testng.SuiteRunner.runTest(SuiteRunner.java:377)
at org.testng.SuiteRunner.runSequentially(SuiteRunner.java:371)
at org.testng.SuiteRunner.privateRun(SuiteRunner.java:332)
at org.testng.SuiteRunner.run(SuiteRunner.java:276)
at org.testng.SuiteRunnerWorker.runSuite(SuiteRunnerWorker.java:53)
at org.testng.SuiteRunnerWorker.run(SuiteRunnerWorker.java:96)
at org.testng.TestNG.runSuitesSequentially(TestNG.java:1212)
at org.testng.TestNG.runSuitesLocally(TestNG.java:1134)
at org.testng.TestNG.runSuites(TestNG.java:1063)
at org.testng.TestNG.run(TestNG.java:1031)
at org.apache.maven.surefire.testng.TestNGExecutor.run(TestNGExecutor.java:77)
at org.apache.maven.surefire.testng.TestNGDirectoryTestSuite.executeMulti(TestNGDirectoryTestSuite.java:159)
at org.apache.maven.surefire.testng.TestNGDirectoryTestSuite.execute(TestNGDirectoryTestSuite.java:99)
at org.apache.maven.surefire.testng.TestNGProvider.invoke(TestNGProvider.java:106)
at java.base/jdk.internal.reflect.NativeMethodAccessorImpl.invoke0(Native Method)
at java.base/jdk.internal.reflect.NativeMethodAccessorImpl.invoke(NativeMethodAccessorImpl.java:62)
at java.base/jdk.internal.reflect.DelegatingMethodAccessorImpl.invoke(DelegatingMethodAccessorImpl.java:43)
at java.base/java.lang.reflect.Method.invoke(Method.java:566)
at org.apache.maven.surefire.util.ReflectionUtils.invokeMethodWithArray(ReflectionUtils.java:189)
at org.apache.maven.surefire.booter.ProviderFactory$ProviderProxy.invoke(ProviderFactory.java:165)
at org.apache.maven.surefire.booter.ProviderFactory.invokeProvider(ProviderFactory.java:85)
at org.apache.maven.surefire.booter.ForkedBooter.runSuitesInProcess(ForkedBooter.java:115)
at org.apache.maven.surefire.booter.ForkedBooter.main(ForkedBooter.java:75)
]]>
            </full-stacktrace>
          </exception> <!-- javax.validation.ConstraintViolationException -->
          <reporter-output>
          </reporter-output>
        </test-method> <!-- createValidatedPoorFNamePerson2 -->
      </class> <!-- chapter07.validator.ValidatorTest -->
      <class name="chapter07.lifecycle.FirstLifecycleTest">
        <test-method signature="testLifecycle()[pri:0, instance:chapter07.lifecycle.FirstLifecycleTest@42a48628]" started-at="2022-01-27T17:39:02 CET" name="testLifecycle" finished-at="2022-01-27T17:39:03 CET" duration-ms="276" status="PASS">
          <reporter-output>
            <line>
              <![CDATA[attempted to load nonexistent reference]]>
            </line>
          </reporter-output>
        </test-method> <!-- testLifecycle -->
      </class> <!-- chapter07.lifecycle.FirstLifecycleTest -->
      <class name="chapter07.validator.CoordinateTest">
        <test-method signature="testInvalidCoordinate()[pri:0, instance:chapter07.validator.CoordinateTest@6aeb35e6]" started-at="2022-01-27T17:39:03 CET" name="testInvalidCoordinate" finished-at="2022-01-27T17:39:04 CET" duration-ms="340" status="PASS">
          <exception class="javax.validation.ConstraintViolationException">
            <message>
              <![CDATA[Validation failed for classes [chapter07.validated.Coordinate] during persist time for groups [javax.validation.groups.Default, ]
List of constraint violations:[
ConstraintViolationImpl{interpolatedMessage='Failed quadrant III test', propertyPath=, rootBeanClass=class chapter07.validated.Coordinate, messageTemplate='Failed quadrant III test'}
]]]>
            </message>
            <full-stacktrace>
              <![CDATA[javax.validation.ConstraintViolationException: Validation failed for classes [chapter07.validated.Coordinate] during persist time for groups [javax.validation.groups.Default, ]
List of constraint violations:[
ConstraintViolationImpl{interpolatedMessage='Failed quadrant III test', propertyPath=, rootBeanClass=class chapter07.validated.Coordinate, messageTemplate='Failed quadrant III test'}
]
at org.hibernate.cfg.beanvalidation.BeanValidationEventListener.validate(BeanValidationEventListener.java:139)
at org.hibernate.cfg.beanvalidation.BeanValidationEventListener.onPreInsert(BeanValidationEventListener.java:80)
at org.hibernate.action.internal.EntityInsertAction.preInsert(EntityInsertAction.java:211)
at org.hibernate.action.internal.EntityInsertAction.execute(EntityInsertAction.java:97)
at org.hibernate.engine.spi.ActionQueue.executeActions(ActionQueue.java:605)
at org.hibernate.engine.spi.ActionQueue.lambda$executeActions$1(ActionQueue.java:479)
at java.base/java.util.LinkedHashMap.forEach(LinkedHashMap.java:684)
at org.hibernate.engine.spi.ActionQueue.executeActions(ActionQueue.java:476)
at org.hibernate.event.internal.AbstractFlushingEventListener.performExecutions(AbstractFlushingEventListener.java:345)
at org.hibernate.event.internal.DefaultFlushEventListener.onFlush(DefaultFlushEventListener.java:40)
at org.hibernate.event.service.internal.EventListenerGroupImpl.fireEventOnEachListener(EventListenerGroupImpl.java:101)
at org.hibernate.internal.SessionImpl.doFlush(SessionImpl.java:1356)
at org.hibernate.internal.SessionImpl.managedFlush(SessionImpl.java:422)
at org.hibernate.internal.SessionImpl.flushBeforeTransactionCompletion(SessionImpl.java:2149)
at org.hibernate.internal.SessionImpl.beforeTransactionCompletion(SessionImpl.java:1844)
at org.hibernate.engine.jdbc.internal.JdbcCoordinatorImpl.beforeTransactionCompletion(JdbcCoordinatorImpl.java:443)
at org.hibernate.resource.transaction.backend.jdbc.internal.JdbcResourceLocalTransactionCoordinatorImpl.beforeCompletionCallback(JdbcResourceLocalTransactionCoordinatorImpl.java:183)
at org.hibernate.resource.transaction.backend.jdbc.internal.JdbcResourceLocalTransactionCoordinatorImpl.access$300(JdbcResourceLocalTransactionCoordinatorImpl.java:40)
at org.hibernate.resource.transaction.backend.jdbc.internal.JdbcResourceLocalTransactionCoordinatorImpl$TransactionDriverControlImpl.commit(JdbcResourceLocalTransactionCoordinatorImpl.java:281)
at org.hibernate.engine.transaction.internal.TransactionImpl.commit(TransactionImpl.java:101)
at chapter07.validator.CoordinateTest.persist(CoordinateTest.java:17)
at chapter07.validator.CoordinateTest.testValidCoordinate(CoordinateTest.java:39)
at chapter07.validator.CoordinateTest.testInvalidCoordinate(CoordinateTest.java:45)
at java.base/jdk.internal.reflect.NativeMethodAccessorImpl.invoke0(Native Method)
at java.base/jdk.internal.reflect.NativeMethodAccessorImpl.invoke(NativeMethodAccessorImpl.java:62)
at java.base/jdk.internal.reflect.DelegatingMethodAccessorImpl.invoke(DelegatingMethodAccessorImpl.java:43)
at java.base/java.lang.reflect.Method.invoke(Method.java:566)
at org.testng.internal.MethodInvocationHelper.invokeMethod(MethodInvocationHelper.java:133)
at org.testng.internal.TestInvoker.invokeMethod(TestInvoker.java:598)
at org.testng.internal.TestInvoker.invokeTestMethod(TestInvoker.java:173)
at org.testng.internal.MethodRunner.runInSequence(MethodRunner.java:46)
at org.testng.internal.TestInvoker$MethodInvocationAgent.invoke(TestInvoker.java:824)
at org.testng.internal.TestInvoker.invokeTestMethods(TestInvoker.java:146)
at org.testng.internal.TestMethodWorker.invokeTestMethods(TestMethodWorker.java:146)
at org.testng.internal.TestMethodWorker.run(TestMethodWorker.java:128)
at java.base/java.util.ArrayList.forEach(ArrayList.java:1541)
at org.testng.TestRunner.privateRun(TestRunner.java:794)
at org.testng.TestRunner.run(TestRunner.java:596)
at org.testng.SuiteRunner.runTest(SuiteRunner.java:377)
at org.testng.SuiteRunner.runSequentially(SuiteRunner.java:371)
at org.testng.SuiteRunner.privateRun(SuiteRunner.java:332)
at org.testng.SuiteRunner.run(SuiteRunner.java:276)
at org.testng.SuiteRunnerWorker.runSuite(SuiteRunnerWorker.java:53)
at org.testng.SuiteRunnerWorker.run(SuiteRunnerWorker.java:96)
at org.testng.TestNG.runSuitesSequentially(TestNG.java:1212)
at org.testng.TestNG.runSuitesLocally(TestNG.java:1134)
at org.testng.TestNG.runSuites(TestNG.java:1063)
at org.testng.TestNG.run(TestNG.java:1031)
at org.apache.maven.surefire.testng.TestNGExecutor.run(TestNGExecutor.java:77)
at org.apache.maven.surefire.testng.TestNGDirectoryTestSuite.executeMulti(TestNGDirectoryTestSuite.java:159)
at org.apache.maven.surefire.testng.TestNGDirectoryTestSuite.execute(TestNGDirectoryTestSuite.java:99)
at org.apache.maven.surefire.testng.TestNGProvider.invoke(TestNGProvider.java:106)
at java.base/jdk.internal.reflect.NativeMethodAccessorImpl.invoke0(Native Method)
at java.base/jdk.internal.reflect.NativeMethodAccessorImpl.invoke(NativeMethodAccessorImpl.java:62)
at java.base/jdk.internal.reflect.DelegatingMethodAccessorImpl.invoke(DelegatingMethodAccessorImpl.java:43)
at java.base/java.lang.reflect.Method.invoke(Method.java:566)
at org.apache.maven.surefire.util.ReflectionUtils.invokeMethodWithArray(ReflectionUtils.java:189)
at org.apache.maven.surefire.booter.ProviderFactory$ProviderProxy.invoke(ProviderFactory.java:165)
at org.apache.maven.surefire.booter.ProviderFactory.invokeProvider(ProviderFactory.java:85)
at org.apache.maven.surefire.booter.ForkedBooter.runSuitesInProcess(ForkedBooter.java:115)
at org.apache.maven.surefire.booter.ForkedBooter.main(ForkedBooter.java:75)
]]>
            </full-stacktrace>
          </exception> <!-- javax.validation.ConstraintViolationException -->
          <reporter-output>
          </reporter-output>
        </test-method> <!-- testInvalidCoordinate -->
        <test-method signature="testValidCoordinate(java.lang.Integer,java.lang.Integer)[pri:0, instance:chapter07.validator.CoordinateTest@6aeb35e6]" started-at="2022-01-27T17:39:04 CET" name="testValidCoordinate" data-provider="validCoordinates" finished-at="2022-01-27T17:39:04 CET" duration-ms="3" status="PASS">
          <params>
            <param index="0">
              <value>
                <![CDATA[-1]]>
              </value>
            </param>
            <param index="1">
              <value>
                <![CDATA[1]]>
              </value>
            </param>
          </params>
          <reporter-output>
          </reporter-output>
        </test-method> <!-- testValidCoordinate -->
        <test-method signature="testValidCoordinate(java.lang.Integer,java.lang.Integer)[pri:0, instance:chapter07.validator.CoordinateTest@6aeb35e6]" started-at="2022-01-27T17:39:04 CET" name="testValidCoordinate" data-provider="validCoordinates" finished-at="2022-01-27T17:39:04 CET" duration-ms="0" status="PASS">
          <params>
            <param index="0">
              <value>
                <![CDATA[1]]>
              </value>
            </param>
            <param index="1">
              <value>
                <![CDATA[1]]>
              </value>
            </param>
          </params>
          <reporter-output>
          </reporter-output>
        </test-method> <!-- testValidCoordinate -->
        <test-method signature="testValidCoordinate(java.lang.Integer,java.lang.Integer)[pri:0, instance:chapter07.validator.CoordinateTest@6aeb35e6]" started-at="2022-01-27T17:39:04 CET" name="testValidCoordinate" data-provider="validCoordinates" finished-at="2022-01-27T17:39:04 CET" duration-ms="0" status="PASS">
          <params>
            <param index="0">
              <value>
                <![CDATA[1]]>
              </value>
            </param>
            <param index="1">
              <value>
                <![CDATA[-1]]>
              </value>
            </param>
          </params>
          <reporter-output>
          </reporter-output>
        </test-method> <!-- testValidCoordinate -->
        <test-method signature="testValidCoordinate(java.lang.Integer,java.lang.Integer)[pri:0, instance:chapter07.validator.CoordinateTest@6aeb35e6]" started-at="2022-01-27T17:39:04 CET" name="testValidCoordinate" data-provider="validCoordinates" finished-at="2022-01-27T17:39:04 CET" duration-ms="3" status="PASS">
          <params>
            <param index="0">
              <value>
                <![CDATA[-1]]>
              </value>
            </param>
            <param index="1">
              <value>
                <![CDATA[0]]>
              </value>
            </param>
          </params>
          <reporter-output>
          </reporter-output>
        </test-method> <!-- testValidCoordinate -->
        <test-method signature="testValidCoordinate(java.lang.Integer,java.lang.Integer)[pri:0, instance:chapter07.validator.CoordinateTest@6aeb35e6]" started-at="2022-01-27T17:39:04 CET" name="testValidCoordinate" data-provider="validCoordinates" finished-at="2022-01-27T17:39:04 CET" duration-ms="0" status="PASS">
          <params>
            <param index="0">
              <value>
                <![CDATA[1]]>
              </value>
            </param>
            <param index="1">
              <value>
                <![CDATA[0]]>
              </value>
            </param>
          </params>
          <reporter-output>
          </reporter-output>
        </test-method> <!-- testValidCoordinate -->
        <test-method signature="testValidCoordinate(java.lang.Integer,java.lang.Integer)[pri:0, instance:chapter07.validator.CoordinateTest@6aeb35e6]" started-at="2022-01-27T17:39:04 CET" name="testValidCoordinate" data-provider="validCoordinates" finished-at="2022-01-27T17:39:04 CET" duration-ms="0" status="PASS">
          <params>
            <param index="0">
              <value>
                <![CDATA[0]]>
              </value>
            </param>
            <param index="1">
              <value>
                <![CDATA[1]]>
              </value>
            </param>
          </params>
          <reporter-output>
          </reporter-output>
        </test-method> <!-- testValidCoordinate -->
        <test-method signature="testValidCoordinate(java.lang.Integer,java.lang.Integer)[pri:0, instance:chapter07.validator.CoordinateTest@6aeb35e6]" started-at="2022-01-27T17:39:04 CET" name="testValidCoordinate" data-provider="validCoordinates" finished-at="2022-01-27T17:39:04 CET" duration-ms="0" status="PASS">
          <params>
            <param index="0">
              <value>
                <![CDATA[0]]>
              </value>
            </param>
            <param index="1">
              <value>
                <![CDATA[0]]>
              </value>
            </param>
          </params>
          <reporter-output>
          </reporter-output>
        </test-method> <!-- testValidCoordinate -->
        <test-method signature="testValidCoordinate(java.lang.Integer,java.lang.Integer)[pri:0, instance:chapter07.validator.CoordinateTest@6aeb35e6]" started-at="2022-01-27T17:39:04 CET" name="testValidCoordinate" data-provider="validCoordinates" finished-at="2022-01-27T17:39:04 CET" duration-ms="0" status="PASS">
          <params>
            <param index="0">
              <value>
                <![CDATA[0]]>
              </value>
            </param>
            <param index="1">
              <value>
                <![CDATA[-1]]>
              </value>
            </param>
          </params>
          <reporter-output>
          </reporter-output>
        </test-method> <!-- testValidCoordinate -->
      </class> <!-- chapter07.validator.CoordinateTest -->
    </test> <!-- Command line test -->
  </suite> <!-- Command line suite -->
</testng-results>
