<html>
<head>
<title>TestNG:  Command line test</title>
<link href="../testng.css" rel="stylesheet" type="text/css" />
<link href="../my-testng.css" rel="stylesheet" type="text/css" />

<style type="text/css">
.log { display: none;} 
.stack-trace { display: none;} 
</style>
<script type="text/javascript">
<!--
function flip(e) {
  current = e.style.display;
  if (current == 'block') {
    e.style.display = 'none';
    return 0;
  }
  else {
    e.style.display = 'block';
    return 1;
  }
}

function toggleBox(szDivId, elem, msg1, msg2)
{
  var res = -1;  if (document.getElementById) {
    res = flip(document.getElementById(szDivId));
  }
  else if (document.all) {
    // this is the way old msie versions work
    res = flip(document.all[szDivId]);
  }
  if(elem) {
    if(res == 0) elem.innerHTML = msg1; else elem.innerHTML = msg2;
  }

}

function toggleAllBoxes() {
  if (document.getElementsByTagName) {
    d = document.getElementsByTagName('div');
    for (i = 0; i < d.length; i++) {
      if (d[i].className == 'log') {
        flip(d[i]);
      }
    }
  }
}

// -->
</script>

</head>
<body>
<h2 align='center'>Command line test</h2><table border='1' align="center">
<tr>
<td>Tests passed/Failed/Skipped:</td><td>24/0/0</td>
</tr><tr>
<td>Started on:</td><td>Thu Jan 27 17:39:00 CET 2022</td>
</tr>
<tr><td>Total time:</td><td>3 seconds (3947 ms)</td>
</tr><tr>
<td>Included groups:</td><td></td>
</tr><tr>
<td>Excluded groups:</td><td></td>
</tr>
</table><p/>
<small><i>(Hover the method name to see the test class name)</i></small><p/>
<table width='100%' border='1' class='invocation-passed'>
<tr><td colspan='4' align='center'><b>PASSED TESTS</b></td></tr>
<tr><td><b>Test method</b></td>
<td width="30%"><b>Exception</b></td>
<td width="10%"><b>Time (seconds)</b></td>
<td><b>Instance</b></td>
</tr>
<tr>
<td title='chapter07.validator.CoordinateTest.testValidCoordinate()'><b>testValidCoordinate</b><br>Test class: chapter07.validator.CoordinateTest<br>Parameters: -1, 1</td>
<td></td>
<td>0</td>
<td>chapter07.validator.CoordinateTest@6aeb35e6</td></tr>
<tr>
<td title='chapter07.validator.CoordinateTest.testValidCoordinate()'><b>testValidCoordinate</b><br>Test class: chapter07.validator.CoordinateTest<br>Parameters: 0, 1</td>
<td></td>
<td>0</td>
<td>chapter07.validator.CoordinateTest@6aeb35e6</td></tr>
<tr>
<td title='chapter07.validator.CoordinateTest.testInvalidCoordinate()'><b>testInvalidCoordinate</b><br>Test class: chapter07.validator.CoordinateTest</td>
<td><div><pre>javax.validation.ConstraintViolationException: Validation failed for classes [chapter07.validated.Coordinate] during persist time for groups [javax.validation.groups.Default, ]
List of constraint violations:[
	ConstraintViolationImpl{interpolatedMessage=&apos;Failed quadrant III test&apos;, propertyPath=, rootBeanClass=class chapter07.validated.Coordinate, messageTemplate=&apos;Failed quadrant III test&apos;}
]
	at org.hibernate.cfg.beanvalidation.BeanValidationEventListener.validate(BeanValidationEventListener.java:139)
	at org.hibernate.cfg.beanvalidation.BeanValidationEventListener.onPreInsert(BeanValidationEventListener.java:80)
	at org.hibernate.action.internal.EntityInsertAction.preInsert(EntityInsertAction.java:211)
	at org.hibernate.action.internal.EntityInsertAction.execute(EntityInsertAction.java:97)
	at org.hibernate.engine.spi.ActionQueue.executeActions(ActionQueue.java:605)
	at org.hibernate.engine.spi.ActionQueue.lambda$executeActions$1(ActionQueue.java:479)
	at java.base/java.util.LinkedHashMap.forEach(LinkedHashMap.java:684)
	at org.hibernate.engine.spi.ActionQueue.executeActions(ActionQueue.java:476)
	at org.hibernate.event.internal.AbstractFlushingEventListener.performExecutions(AbstractFlushingEventListener.java:345)
	at org.hibernate.event.internal.DefaultFlushEventListener.onFlush(DefaultFlushEventListener.java:40)
	at org.hibernate.event.service.internal.EventListenerGroupImpl.fireEventOnEachListener(EventListenerGroupImpl.java:101)
	at org.hibernate.internal.SessionImpl.doFlush(SessionImpl.java:1356)
	at org.hibernate.internal.SessionImpl.managedFlush(SessionImpl.java:422)
	at org.hibernate.internal.SessionImpl.flushBeforeTransactionCompletion(SessionImpl.java:2149)
	at org.hibernate.internal.SessionImpl.beforeTransactionCompletion(SessionImpl.java:1844)
	at org.hibernate.engine.jdbc.internal.JdbcCoordinatorImpl.beforeTransactionCompletion(JdbcCoordinatorImpl.java:443)
	at org.hibernate.resource.transaction.backend.jdbc.internal.JdbcResourceLocalTransactionCoordinatorImpl.beforeCompletionCallback(JdbcResourceLocalTransactionCoordinatorImpl.java:183)
	at org.hibernate.resource.transaction.backend.jdbc.internal.JdbcResourceLocalTransactionCoordinatorImpl.access$300(JdbcResourceLocalTransactionCoordinatorImpl.java:40)
	at org.hibernate.resource.transaction.backend.jdbc.internal.JdbcResourceLocalTransactionCoordinatorImpl$TransactionDriverControlImpl.commit(JdbcResourceLocalTransactionCoordinatorImpl.java:281)
	at org.hibernate.engine.transaction.internal.TransactionImpl.commit(TransactionImpl.java:101)
	at chapter07.validator.CoordinateTest.persist(CoordinateTest.java:17)
	at chapter07.validator.CoordinateTest.testValidCoordinate(CoordinateTest.java:39)
	at chapter07.validator.CoordinateTest.testInvalidCoordinate(CoordinateTest.java:45)
	at java.base/java.util.ArrayList.forEach(ArrayList.java:1541)
... Removed 37 stack frames</pre></div><a href='#' onClick='toggleBox("stack-trace1174511944", this, "Click to show all stack frames", "Click to hide stack frames")'>Click to show all stack frames</a>
<div class='stack-trace' id='stack-trace1174511944'><pre>javax.validation.ConstraintViolationException: Validation failed for classes [chapter07.validated.Coordinate] during persist time for groups [javax.validation.groups.Default, ]
List of constraint violations:[
	ConstraintViolationImpl{interpolatedMessage=&apos;Failed quadrant III test&apos;, propertyPath=, rootBeanClass=class chapter07.validated.Coordinate, messageTemplate=&apos;Failed quadrant III test&apos;}
]
	at org.hibernate.cfg.beanvalidation.BeanValidationEventListener.validate(BeanValidationEventListener.java:139)
	at org.hibernate.cfg.beanvalidation.BeanValidationEventListener.onPreInsert(BeanValidationEventListener.java:80)
	at org.hibernate.action.internal.EntityInsertAction.preInsert(EntityInsertAction.java:211)
	at org.hibernate.action.internal.EntityInsertAction.execute(EntityInsertAction.java:97)
	at org.hibernate.engine.spi.ActionQueue.executeActions(ActionQueue.java:605)
	at org.hibernate.engine.spi.ActionQueue.lambda$executeActions$1(ActionQueue.java:479)
	at java.base/java.util.LinkedHashMap.forEach(LinkedHashMap.java:684)
	at org.hibernate.engine.spi.ActionQueue.executeActions(ActionQueue.java:476)
	at org.hibernate.event.internal.AbstractFlushingEventListener.performExecutions(AbstractFlushingEventListener.java:345)
	at org.hibernate.event.internal.DefaultFlushEventListener.onFlush(DefaultFlushEventListener.java:40)
	at org.hibernate.event.service.internal.EventListenerGroupImpl.fireEventOnEachListener(EventListenerGroupImpl.java:101)
	at org.hibernate.internal.SessionImpl.doFlush(SessionImpl.java:1356)
	at org.hibernate.internal.SessionImpl.managedFlush(SessionImpl.java:422)
	at org.hibernate.internal.SessionImpl.flushBeforeTransactionCompletion(SessionImpl.java:2149)
	at org.hibernate.internal.SessionImpl.beforeTransactionCompletion(SessionImpl.java:1844)
	at org.hibernate.engine.jdbc.internal.JdbcCoordinatorImpl.beforeTransactionCompletion(JdbcCoordinatorImpl.java:443)
	at org.hibernate.resource.transaction.backend.jdbc.internal.JdbcResourceLocalTransactionCoordinatorImpl.beforeCompletionCallback(JdbcResourceLocalTransactionCoordinatorImpl.java:183)
	at org.hibernate.resource.transaction.backend.jdbc.internal.JdbcResourceLocalTransactionCoordinatorImpl.access$300(JdbcResourceLocalTransactionCoordinatorImpl.java:40)
	at org.hibernate.resource.transaction.backend.jdbc.internal.JdbcResourceLocalTransactionCoordinatorImpl$TransactionDriverControlImpl.commit(JdbcResourceLocalTransactionCoordinatorImpl.java:281)
	at org.hibernate.engine.transaction.internal.TransactionImpl.commit(TransactionImpl.java:101)
	at chapter07.validator.CoordinateTest.persist(CoordinateTest.java:17)
	at chapter07.validator.CoordinateTest.testValidCoordinate(CoordinateTest.java:39)
	at chapter07.validator.CoordinateTest.testInvalidCoordinate(CoordinateTest.java:45)
	at java.base/jdk.internal.reflect.NativeMethodAccessorImpl.invoke0(Native Method)
	at java.base/jdk.internal.reflect.NativeMethodAccessorImpl.invoke(NativeMethodAccessorImpl.java:62)
	at java.base/jdk.internal.reflect.DelegatingMethodAccessorImpl.invoke(DelegatingMethodAccessorImpl.java:43)
	at java.base/java.lang.reflect.Method.invoke(Method.java:566)
	at org.testng.internal.MethodInvocationHelper.invokeMethod(MethodInvocationHelper.java:133)
	at org.testng.internal.TestInvoker.invokeMethod(TestInvoker.java:598)
	at org.testng.internal.TestInvoker.invokeTestMethod(TestInvoker.java:173)
	at org.testng.internal.MethodRunner.runInSequence(MethodRunner.java:46)
	at org.testng.internal.TestInvoker$MethodInvocationAgent.invoke(TestInvoker.java:824)
	at org.testng.internal.TestInvoker.invokeTestMethods(TestInvoker.java:146)
	at org.testng.internal.TestMethodWorker.invokeTestMethods(TestMethodWorker.java:146)
	at org.testng.internal.TestMethodWorker.run(TestMethodWorker.java:128)
	at java.base/java.util.ArrayList.forEach(ArrayList.java:1541)
	at org.testng.TestRunner.privateRun(TestRunner.java:794)
	at org.testng.TestRunner.run(TestRunner.java:596)
	at org.testng.SuiteRunner.runTest(SuiteRunner.java:377)
	at org.testng.SuiteRunner.runSequentially(SuiteRunner.java:371)
	at org.testng.SuiteRunner.privateRun(SuiteRunner.java:332)
	at org.testng.SuiteRunner.run(SuiteRunner.java:276)
	at org.testng.SuiteRunnerWorker.runSuite(SuiteRunnerWorker.java:53)
	at org.testng.SuiteRunnerWorker.run(SuiteRunnerWorker.java:96)
	at org.testng.TestNG.runSuitesSequentially(TestNG.java:1212)
	at org.testng.TestNG.runSuitesLocally(TestNG.java:1134)
	at org.testng.TestNG.runSuites(TestNG.java:1063)
	at org.testng.TestNG.run(TestNG.java:1031)
	at org.apache.maven.surefire.testng.TestNGExecutor.run(TestNGExecutor.java:77)
	at org.apache.maven.surefire.testng.TestNGDirectoryTestSuite.executeMulti(TestNGDirectoryTestSuite.java:159)
	at org.apache.maven.surefire.testng.TestNGDirectoryTestSuite.execute(TestNGDirectoryTestSuite.java:99)
	at org.apache.maven.surefire.testng.TestNGProvider.invoke(TestNGProvider.java:106)
	at java.base/jdk.internal.reflect.NativeMethodAccessorImpl.invoke0(Native Method)
	at java.base/jdk.internal.reflect.NativeMethodAccessorImpl.invoke(NativeMethodAccessorImpl.java:62)
	at java.base/jdk.internal.reflect.DelegatingMethodAccessorImpl.invoke(DelegatingMethodAccessorImpl.java:43)
	at java.base/java.lang.reflect.Method.invoke(Method.java:566)
	at org.apache.maven.surefire.util.ReflectionUtils.invokeMethodWithArray(ReflectionUtils.java:189)
	at org.apache.maven.surefire.booter.ProviderFactory$ProviderProxy.invoke(ProviderFactory.java:165)
	at org.apache.maven.surefire.booter.ProviderFactory.invokeProvider(ProviderFactory.java:85)
	at org.apache.maven.surefire.booter.ForkedBooter.runSuitesInProcess(ForkedBooter.java:115)
	at org.apache.maven.surefire.booter.ForkedBooter.main(ForkedBooter.java:75)
</pre></div></td>
<td>0</td>
<td>chapter07.validator.CoordinateTest@6aeb35e6</td></tr>
<tr>
<td title='chapter07.validator.ParameterizedTest.testValidations()'><b>testValidations</b><br>Test class: chapter07.validator.ParameterizedTest<br>Parameters: Johnny, M, 14, true</td>
<td></td>
<td>0</td>
<td>chapter07.validator.ParameterizedTest@f6efaab</td></tr>
<tr>
<td title='chapter07.lifecycle.ExternalListenerTest.testExternalListener()'><b>testExternalListener</b><br>Test class: chapter07.lifecycle.ExternalListenerTest</td>
<td></td>
<td>2</td>
<td>chapter07.lifecycle.ExternalListenerTest@7f0eb4b4</td></tr>
<tr>
<td title='chapter07.validator.ParameterizedTest.testValidations()'><b>testValidations</b><br>Test class: chapter07.validator.ParameterizedTest<br>Parameters: Johnny, null, 14, true</td>
<td></td>
<td>0</td>
<td>chapter07.validator.ParameterizedTest@f6efaab</td></tr>
<tr>
<td title='chapter07.validator.ValidatorTest.createValidatedNoFNamePerson()'><b>createValidatedNoFNamePerson</b><br>Test class: chapter07.validator.ValidatorTest</td>
<td><div><pre>javax.validation.ConstraintViolationException: Validation failed for classes [chapter07.validated.ValidatedPerson] during persist time for groups [javax.validation.groups.Default, ]
List of constraint violations:[
	ConstraintViolationImpl{interpolatedMessage=&apos;must not be null&apos;, propertyPath=fname, rootBeanClass=class chapter07.validated.ValidatedPerson, messageTemplate=&apos;{javax.validation.constraints.NotNull.message}&apos;}
]
	at org.hibernate.cfg.beanvalidation.BeanValidationEventListener.validate(BeanValidationEventListener.java:139)
	at org.hibernate.cfg.beanvalidation.BeanValidationEventListener.onPreInsert(BeanValidationEventListener.java:80)
	at org.hibernate.action.internal.EntityIdentityInsertAction.preInsert(EntityIdentityInsertAction.java:186)
	at org.hibernate.action.internal.EntityIdentityInsertAction.execute(EntityIdentityInsertAction.java:76)
	at org.hibernate.engine.spi.ActionQueue.execute(ActionQueue.java:646)
	at org.hibernate.engine.spi.ActionQueue.addResolvedEntityInsertAction(ActionQueue.java:283)
	at org.hibernate.engine.spi.ActionQueue.addInsertAction(ActionQueue.java:264)
	at org.hibernate.engine.spi.ActionQueue.addAction(ActionQueue.java:318)
	at org.hibernate.event.internal.AbstractSaveEventListener.addInsertAction(AbstractSaveEventListener.java:336)
	at org.hibernate.event.internal.AbstractSaveEventListener.performSaveOrReplicate(AbstractSaveEventListener.java:287)
	at org.hibernate.event.internal.AbstractSaveEventListener.performSave(AbstractSaveEventListener.java:193)
	at org.hibernate.event.internal.AbstractSaveEventListener.saveWithGeneratedId(AbstractSaveEventListener.java:123)
	at org.hibernate.event.internal.DefaultPersistEventListener.entityIsTransient(DefaultPersistEventListener.java:185)
	at org.hibernate.event.internal.DefaultPersistEventListener.onPersist(DefaultPersistEventListener.java:128)
	at org.hibernate.event.internal.DefaultPersistEventListener.onPersist(DefaultPersistEventListener.java:55)
	at org.hibernate.event.service.internal.EventListenerGroupImpl.fireEventOnEachListener(EventListenerGroupImpl.java:101)
	at org.hibernate.internal.SessionImpl.firePersist(SessionImpl.java:703)
	at org.hibernate.internal.SessionImpl.persist(SessionImpl.java:689)
	at chapter07.validator.ValidatorTest.persist(ValidatorTest.java:19)
	at chapter07.validator.ValidatorTest.createValidatedNoFNamePerson(ValidatorTest.java:72)
	at java.base/java.util.ArrayList.forEach(ArrayList.java:1541)
... Removed 37 stack frames</pre></div><a href='#' onClick='toggleBox("stack-trace343397606", this, "Click to show all stack frames", "Click to hide stack frames")'>Click to show all stack frames</a>
<div class='stack-trace' id='stack-trace343397606'><pre>javax.validation.ConstraintViolationException: Validation failed for classes [chapter07.validated.ValidatedPerson] during persist time for groups [javax.validation.groups.Default, ]
List of constraint violations:[
	ConstraintViolationImpl{interpolatedMessage=&apos;must not be null&apos;, propertyPath=fname, rootBeanClass=class chapter07.validated.ValidatedPerson, messageTemplate=&apos;{javax.validation.constraints.NotNull.message}&apos;}
]
	at org.hibernate.cfg.beanvalidation.BeanValidationEventListener.validate(BeanValidationEventListener.java:139)
	at org.hibernate.cfg.beanvalidation.BeanValidationEventListener.onPreInsert(BeanValidationEventListener.java:80)
	at org.hibernate.action.internal.EntityIdentityInsertAction.preInsert(EntityIdentityInsertAction.java:186)
	at org.hibernate.action.internal.EntityIdentityInsertAction.execute(EntityIdentityInsertAction.java:76)
	at org.hibernate.engine.spi.ActionQueue.execute(ActionQueue.java:646)
	at org.hibernate.engine.spi.ActionQueue.addResolvedEntityInsertAction(ActionQueue.java:283)
	at org.hibernate.engine.spi.ActionQueue.addInsertAction(ActionQueue.java:264)
	at org.hibernate.engine.spi.ActionQueue.addAction(ActionQueue.java:318)
	at org.hibernate.event.internal.AbstractSaveEventListener.addInsertAction(AbstractSaveEventListener.java:336)
	at org.hibernate.event.internal.AbstractSaveEventListener.performSaveOrReplicate(AbstractSaveEventListener.java:287)
	at org.hibernate.event.internal.AbstractSaveEventListener.performSave(AbstractSaveEventListener.java:193)
	at org.hibernate.event.internal.AbstractSaveEventListener.saveWithGeneratedId(AbstractSaveEventListener.java:123)
	at org.hibernate.event.internal.DefaultPersistEventListener.entityIsTransient(DefaultPersistEventListener.java:185)
	at org.hibernate.event.internal.DefaultPersistEventListener.onPersist(DefaultPersistEventListener.java:128)
	at org.hibernate.event.internal.DefaultPersistEventListener.onPersist(DefaultPersistEventListener.java:55)
	at org.hibernate.event.service.internal.EventListenerGroupImpl.fireEventOnEachListener(EventListenerGroupImpl.java:101)
	at org.hibernate.internal.SessionImpl.firePersist(SessionImpl.java:703)
	at org.hibernate.internal.SessionImpl.persist(SessionImpl.java:689)
	at chapter07.validator.ValidatorTest.persist(ValidatorTest.java:19)
	at chapter07.validator.ValidatorTest.createValidatedNoFNamePerson(ValidatorTest.java:72)
	at java.base/jdk.internal.reflect.NativeMethodAccessorImpl.invoke0(Native Method)
	at java.base/jdk.internal.reflect.NativeMethodAccessorImpl.invoke(NativeMethodAccessorImpl.java:62)
	at java.base/jdk.internal.reflect.DelegatingMethodAccessorImpl.invoke(DelegatingMethodAccessorImpl.java:43)
	at java.base/java.lang.reflect.Method.invoke(Method.java:566)
	at org.testng.internal.MethodInvocationHelper.invokeMethod(MethodInvocationHelper.java:133)
	at org.testng.internal.TestInvoker.invokeMethod(TestInvoker.java:598)
	at org.testng.internal.TestInvoker.invokeTestMethod(TestInvoker.java:173)
	at org.testng.internal.MethodRunner.runInSequence(MethodRunner.java:46)
	at org.testng.internal.TestInvoker$MethodInvocationAgent.invoke(TestInvoker.java:824)
	at org.testng.internal.TestInvoker.invokeTestMethods(TestInvoker.java:146)
	at org.testng.internal.TestMethodWorker.invokeTestMethods(TestMethodWorker.java:146)
	at org.testng.internal.TestMethodWorker.run(TestMethodWorker.java:128)
	at java.base/java.util.ArrayList.forEach(ArrayList.java:1541)
	at org.testng.TestRunner.privateRun(TestRunner.java:794)
	at org.testng.TestRunner.run(TestRunner.java:596)
	at org.testng.SuiteRunner.runTest(SuiteRunner.java:377)
	at org.testng.SuiteRunner.runSequentially(SuiteRunner.java:371)
	at org.testng.SuiteRunner.privateRun(SuiteRunner.java:332)
	at org.testng.SuiteRunner.run(SuiteRunner.java:276)
	at org.testng.SuiteRunnerWorker.runSuite(SuiteRunnerWorker.java:53)
	at org.testng.SuiteRunnerWorker.run(SuiteRunnerWorker.java:96)
	at org.testng.TestNG.runSuitesSequentially(TestNG.java:1212)
	at org.testng.TestNG.runSuitesLocally(TestNG.java:1134)
	at org.testng.TestNG.runSuites(TestNG.java:1063)
	at org.testng.TestNG.run(TestNG.java:1031)
	at org.apache.maven.surefire.testng.TestNGExecutor.run(TestNGExecutor.java:77)
	at org.apache.maven.surefire.testng.TestNGDirectoryTestSuite.executeMulti(TestNGDirectoryTestSuite.java:159)
	at org.apache.maven.surefire.testng.TestNGDirectoryTestSuite.execute(TestNGDirectoryTestSuite.java:99)
	at org.apache.maven.surefire.testng.TestNGProvider.invoke(TestNGProvider.java:106)
	at java.base/jdk.internal.reflect.NativeMethodAccessorImpl.invoke0(Native Method)
	at java.base/jdk.internal.reflect.NativeMethodAccessorImpl.invoke(NativeMethodAccessorImpl.java:62)
	at java.base/jdk.internal.reflect.DelegatingMethodAccessorImpl.invoke(DelegatingMethodAccessorImpl.java:43)
	at java.base/java.lang.reflect.Method.invoke(Method.java:566)
	at org.apache.maven.surefire.util.ReflectionUtils.invokeMethodWithArray(ReflectionUtils.java:189)
	at org.apache.maven.surefire.booter.ProviderFactory$ProviderProxy.invoke(ProviderFactory.java:165)
	at org.apache.maven.surefire.booter.ProviderFactory.invokeProvider(ProviderFactory.java:85)
	at org.apache.maven.surefire.booter.ForkedBooter.runSuitesInProcess(ForkedBooter.java:115)
	at org.apache.maven.surefire.booter.ForkedBooter.main(ForkedBooter.java:75)
</pre></div></td>
<td>0</td>
<td>chapter07.validator.ValidatorTest@3c19aaa5</td></tr>
<tr>
<td title='chapter07.lifecycle.LifecycleTest.testPostLoad()'><b>testPostLoad</b><br>Test class: chapter07.lifecycle.LifecycleTest</td>
<td><div><pre>java.lang.RuntimeException: postload failure
	at chapter07.lifecycle.FailingEntity.postLoad(FailingEntity.java:40)
	at org.hibernate.jpa.event.internal.EntityCallback.performCallback(EntityCallback.java:32)
	at org.hibernate.jpa.event.internal.CallbackRegistryImpl.callback(CallbackRegistryImpl.java:95)
	at org.hibernate.jpa.event.internal.CallbackRegistryImpl.postLoad(CallbackRegistryImpl.java:89)
	at org.hibernate.event.internal.DefaultPostLoadEventListener.onPostLoad(DefaultPostLoadEventListener.java:45)
	at org.hibernate.sql.results.jdbc.internal.JdbcValuesSourceProcessingStateStandardImpl.lambda$postLoad$0(JdbcValuesSourceProcessingStateStandardImpl.java:200)
	at java.base/java.util.HashMap.forEach(HashMap.java:1337)
	at org.hibernate.sql.results.jdbc.internal.JdbcValuesSourceProcessingStateStandardImpl.postLoad(JdbcValuesSourceProcessingStateStandardImpl.java:192)
	at org.hibernate.sql.results.jdbc.internal.JdbcValuesSourceProcessingStateStandardImpl.finishUp(JdbcValuesSourceProcessingStateStandardImpl.java:177)
	at org.hibernate.sql.results.spi.ListResultsConsumer.consume(ListResultsConsumer.java:82)
	at org.hibernate.sql.results.spi.ListResultsConsumer.consume(ListResultsConsumer.java:24)
	at org.hibernate.sql.exec.internal.JdbcSelectExecutorStandardImpl.doExecuteQuery(JdbcSelectExecutorStandardImpl.java:228)
	at org.hibernate.sql.exec.internal.JdbcSelectExecutorStandardImpl.executeQuery(JdbcSelectExecutorStandardImpl.java:146)
	at org.hibernate.sql.exec.internal.JdbcSelectExecutorStandardImpl.list(JdbcSelectExecutorStandardImpl.java:74)
	at org.hibernate.loader.ast.internal.SingleIdLoadPlan.load(SingleIdLoadPlan.java:117)
	at org.hibernate.loader.ast.internal.SingleIdLoadPlan.load(SingleIdLoadPlan.java:76)
	at org.hibernate.loader.ast.internal.SingleIdEntityLoaderStandardImpl.load(SingleIdEntityLoaderStandardImpl.java:71)
	at org.hibernate.persister.entity.AbstractEntityPersister.doLoad(AbstractEntityPersister.java:4662)
	at org.hibernate.persister.entity.AbstractEntityPersister.load(AbstractEntityPersister.java:4652)
	at org.hibernate.event.internal.DefaultLoadEventListener.loadFromDatasource(DefaultLoadEventListener.java:561)
	at org.hibernate.event.internal.DefaultLoadEventListener.doLoad(DefaultLoadEventListener.java:535)
	at org.hibernate.event.internal.DefaultLoadEventListener.load(DefaultLoadEventListener.java:206)
	at org.hibernate.event.internal.DefaultLoadEventListener.proxyOrLoad(DefaultLoadEventListener.java:323)
	at org.hibernate.event.internal.DefaultLoadEventListener.doOnLoad(DefaultLoadEventListener.java:107)
	at org.hibernate.event.internal.DefaultLoadEventListener.onLoad(DefaultLoadEventListener.java:73)
	at org.hibernate.event.service.internal.EventListenerGroupImpl.fireEventOnEachListener(EventListenerGroupImpl.java:112)
	at org.hibernate.internal.SessionImpl.fireLoadNoChecks(SessionImpl.java:1183)
	at org.hibernate.internal.SessionImpl.fireLoad(SessionImpl.java:1172)
	at org.hibernate.loader.access.IdentifierLoadAccessImpl.doLoad(IdentifierLoadAccessImpl.java:182)
	at org.hibernate.loader.access.IdentifierLoadAccessImpl.lambda$load$1(IdentifierLoadAccessImpl.java:151)
	at org.hibernate.loader.access.IdentifierLoadAccessImpl.perform(IdentifierLoadAccessImpl.java:98)
	at org.hibernate.loader.access.IdentifierLoadAccessImpl.load(IdentifierLoadAccessImpl.java:151)
	at chapter07.lifecycle.LifecycleTest.testPostLoad(LifecycleTest.java:97)
	at java.base/java.util.ArrayList.forEach(ArrayList.java:1541)
... Removed 41 stack frames</pre></div><a href='#' onClick='toggleBox("stack-trace933346995", this, "Click to show all stack frames", "Click to hide stack frames")'>Click to show all stack frames</a>
<div class='stack-trace' id='stack-trace933346995'><pre>java.lang.RuntimeException: postload failure
	at chapter07.lifecycle.FailingEntity.postLoad(FailingEntity.java:40)
	at java.base/jdk.internal.reflect.NativeMethodAccessorImpl.invoke0(Native Method)
	at java.base/jdk.internal.reflect.NativeMethodAccessorImpl.invoke(NativeMethodAccessorImpl.java:62)
	at java.base/jdk.internal.reflect.DelegatingMethodAccessorImpl.invoke(DelegatingMethodAccessorImpl.java:43)
	at java.base/java.lang.reflect.Method.invoke(Method.java:566)
	at org.hibernate.jpa.event.internal.EntityCallback.performCallback(EntityCallback.java:32)
	at org.hibernate.jpa.event.internal.CallbackRegistryImpl.callback(CallbackRegistryImpl.java:95)
	at org.hibernate.jpa.event.internal.CallbackRegistryImpl.postLoad(CallbackRegistryImpl.java:89)
	at org.hibernate.event.internal.DefaultPostLoadEventListener.onPostLoad(DefaultPostLoadEventListener.java:45)
	at org.hibernate.sql.results.jdbc.internal.JdbcValuesSourceProcessingStateStandardImpl.lambda$postLoad$0(JdbcValuesSourceProcessingStateStandardImpl.java:200)
	at java.base/java.util.HashMap.forEach(HashMap.java:1337)
	at org.hibernate.sql.results.jdbc.internal.JdbcValuesSourceProcessingStateStandardImpl.postLoad(JdbcValuesSourceProcessingStateStandardImpl.java:192)
	at org.hibernate.sql.results.jdbc.internal.JdbcValuesSourceProcessingStateStandardImpl.finishUp(JdbcValuesSourceProcessingStateStandardImpl.java:177)
	at org.hibernate.sql.results.spi.ListResultsConsumer.consume(ListResultsConsumer.java:82)
	at org.hibernate.sql.results.spi.ListResultsConsumer.consume(ListResultsConsumer.java:24)
	at org.hibernate.sql.exec.internal.JdbcSelectExecutorStandardImpl.doExecuteQuery(JdbcSelectExecutorStandardImpl.java:228)
	at org.hibernate.sql.exec.internal.JdbcSelectExecutorStandardImpl.executeQuery(JdbcSelectExecutorStandardImpl.java:146)
	at org.hibernate.sql.exec.internal.JdbcSelectExecutorStandardImpl.list(JdbcSelectExecutorStandardImpl.java:74)
	at org.hibernate.loader.ast.internal.SingleIdLoadPlan.load(SingleIdLoadPlan.java:117)
	at org.hibernate.loader.ast.internal.SingleIdLoadPlan.load(SingleIdLoadPlan.java:76)
	at org.hibernate.loader.ast.internal.SingleIdEntityLoaderStandardImpl.load(SingleIdEntityLoaderStandardImpl.java:71)
	at org.hibernate.persister.entity.AbstractEntityPersister.doLoad(AbstractEntityPersister.java:4662)
	at org.hibernate.persister.entity.AbstractEntityPersister.load(AbstractEntityPersister.java:4652)
	at org.hibernate.event.internal.DefaultLoadEventListener.loadFromDatasource(DefaultLoadEventListener.java:561)
	at org.hibernate.event.internal.DefaultLoadEventListener.doLoad(DefaultLoadEventListener.java:535)
	at org.hibernate.event.internal.DefaultLoadEventListener.load(DefaultLoadEventListener.java:206)
	at org.hibernate.event.internal.DefaultLoadEventListener.proxyOrLoad(DefaultLoadEventListener.java:323)
	at org.hibernate.event.internal.DefaultLoadEventListener.doOnLoad(DefaultLoadEventListener.java:107)
	at org.hibernate.event.internal.DefaultLoadEventListener.onLoad(DefaultLoadEventListener.java:73)
	at org.hibernate.event.service.internal.EventListenerGroupImpl.fireEventOnEachListener(EventListenerGroupImpl.java:112)
	at org.hibernate.internal.SessionImpl.fireLoadNoChecks(SessionImpl.java:1183)
	at org.hibernate.internal.SessionImpl.fireLoad(SessionImpl.java:1172)
	at org.hibernate.loader.access.IdentifierLoadAccessImpl.doLoad(IdentifierLoadAccessImpl.java:182)
	at org.hibernate.loader.access.IdentifierLoadAccessImpl.lambda$load$1(IdentifierLoadAccessImpl.java:151)
	at org.hibernate.loader.access.IdentifierLoadAccessImpl.perform(IdentifierLoadAccessImpl.java:98)
	at org.hibernate.loader.access.IdentifierLoadAccessImpl.load(IdentifierLoadAccessImpl.java:151)
	at chapter07.lifecycle.LifecycleTest.testPostLoad(LifecycleTest.java:97)
	at java.base/jdk.internal.reflect.NativeMethodAccessorImpl.invoke0(Native Method)
	at java.base/jdk.internal.reflect.NativeMethodAccessorImpl.invoke(NativeMethodAccessorImpl.java:62)
	at java.base/jdk.internal.reflect.DelegatingMethodAccessorImpl.invoke(DelegatingMethodAccessorImpl.java:43)
	at java.base/java.lang.reflect.Method.invoke(Method.java:566)
	at org.testng.internal.MethodInvocationHelper.invokeMethod(MethodInvocationHelper.java:133)
	at org.testng.internal.TestInvoker.invokeMethod(TestInvoker.java:598)
	at org.testng.internal.TestInvoker.invokeTestMethod(TestInvoker.java:173)
	at org.testng.internal.MethodRunner.runInSequence(MethodRunner.java:46)
	at org.testng.internal.TestInvoker$MethodInvocationAgent.invoke(TestInvoker.java:824)
	at org.testng.internal.TestInvoker.invokeTestMethods(TestInvoker.java:146)
	at org.testng.internal.TestMethodWorker.invokeTestMethods(TestMethodWorker.java:146)
	at org.testng.internal.TestMethodWorker.run(TestMethodWorker.java:128)
	at java.base/java.util.ArrayList.forEach(ArrayList.java:1541)
	at org.testng.TestRunner.privateRun(TestRunner.java:794)
	at org.testng.TestRunner.run(TestRunner.java:596)
	at org.testng.SuiteRunner.runTest(SuiteRunner.java:377)
	at org.testng.SuiteRunner.runSequentially(SuiteRunner.java:371)
	at org.testng.SuiteRunner.privateRun(SuiteRunner.java:332)
	at org.testng.SuiteRunner.run(SuiteRunner.java:276)
	at org.testng.SuiteRunnerWorker.runSuite(SuiteRunnerWorker.java:53)
	at org.testng.SuiteRunnerWorker.run(SuiteRunnerWorker.java:96)
	at org.testng.TestNG.runSuitesSequentially(TestNG.java:1212)
	at org.testng.TestNG.runSuitesLocally(TestNG.java:1134)
	at org.testng.TestNG.runSuites(TestNG.java:1063)
	at org.testng.TestNG.run(TestNG.java:1031)
	at org.apache.maven.surefire.testng.TestNGExecutor.run(TestNGExecutor.java:77)
	at org.apache.maven.surefire.testng.TestNGDirectoryTestSuite.executeMulti(TestNGDirectoryTestSuite.java:159)
	at org.apache.maven.surefire.testng.TestNGDirectoryTestSuite.execute(TestNGDirectoryTestSuite.java:99)
	at org.apache.maven.surefire.testng.TestNGProvider.invoke(TestNGProvider.java:106)
	at java.base/jdk.internal.reflect.NativeMethodAccessorImpl.invoke0(Native Method)
	at java.base/jdk.internal.reflect.NativeMethodAccessorImpl.invoke(NativeMethodAccessorImpl.java:62)
	at java.base/jdk.internal.reflect.DelegatingMethodAccessorImpl.invoke(DelegatingMethodAccessorImpl.java:43)
	at java.base/java.lang.reflect.Method.invoke(Method.java:566)
	at org.apache.maven.surefire.util.ReflectionUtils.invokeMethodWithArray(ReflectionUtils.java:189)
	at org.apache.maven.surefire.booter.ProviderFactory$ProviderProxy.invoke(ProviderFactory.java:165)
	at org.apache.maven.surefire.booter.ProviderFactory.invokeProvider(ProviderFactory.java:85)
	at org.apache.maven.surefire.booter.ForkedBooter.runSuitesInProcess(ForkedBooter.java:115)
	at org.apache.maven.surefire.booter.ForkedBooter.main(ForkedBooter.java:75)
</pre></div></td>
<td>0</td>
<td>chapter07.lifecycle.LifecycleTest@293a5bf6</td></tr>
<tr>
<td title='chapter07.lifecycle.LifecycleTest.persistenceErrorTests()'><b>persistenceErrorTests</b><br>Test class: chapter07.lifecycle.LifecycleTest</td>
<td></td>
<td>0</td>
<td>chapter07.lifecycle.LifecycleTest@293a5bf6</td></tr>
<tr>
<td title='chapter07.validator.ParameterizedTest.testValidations()'><b>testValidations</b><br>Test class: chapter07.validator.ParameterizedTest<br>Parameters: Johnny, McYoungster, 12, true</td>
<td></td>
<td>0</td>
<td>chapter07.validator.ParameterizedTest@f6efaab</td></tr>
<tr>
<td title='chapter07.validator.CoordinateTest.testValidCoordinate()'><b>testValidCoordinate</b><br>Test class: chapter07.validator.CoordinateTest<br>Parameters: -1, 0</td>
<td></td>
<td>0</td>
<td>chapter07.validator.CoordinateTest@6aeb35e6</td></tr>
<tr>
<td title='chapter07.validator.ParameterizedTest.testValidations()'><b>testValidations</b><br>Test class: chapter07.validator.ParameterizedTest<br>Parameters: Johnny, McYoungster, 15, false</td>
<td></td>
<td>0</td>
<td>chapter07.validator.ParameterizedTest@f6efaab</td></tr>
<tr>
<td title='chapter07.validator.ValidatorTest.createValidatedPoorFNamePerson2()'><b>createValidatedPoorFNamePerson2</b><br>Test class: chapter07.validator.ValidatorTest</td>
<td><div><pre>javax.validation.ConstraintViolationException: Validation failed for classes [chapter07.validated.ValidatedPerson] during persist time for groups [javax.validation.groups.Default, ]
List of constraint violations:[
	ConstraintViolationImpl{interpolatedMessage=&apos;size must be between 2 and 60&apos;, propertyPath=fname, rootBeanClass=class chapter07.validated.ValidatedPerson, messageTemplate=&apos;{javax.validation.constraints.Size.message}&apos;}
]
	at org.hibernate.cfg.beanvalidation.BeanValidationEventListener.validate(BeanValidationEventListener.java:139)
	at org.hibernate.cfg.beanvalidation.BeanValidationEventListener.onPreInsert(BeanValidationEventListener.java:80)
	at org.hibernate.action.internal.EntityIdentityInsertAction.preInsert(EntityIdentityInsertAction.java:186)
	at org.hibernate.action.internal.EntityIdentityInsertAction.execute(EntityIdentityInsertAction.java:76)
	at org.hibernate.engine.spi.ActionQueue.execute(ActionQueue.java:646)
	at org.hibernate.engine.spi.ActionQueue.addResolvedEntityInsertAction(ActionQueue.java:283)
	at org.hibernate.engine.spi.ActionQueue.addInsertAction(ActionQueue.java:264)
	at org.hibernate.engine.spi.ActionQueue.addAction(ActionQueue.java:318)
	at org.hibernate.event.internal.AbstractSaveEventListener.addInsertAction(AbstractSaveEventListener.java:336)
	at org.hibernate.event.internal.AbstractSaveEventListener.performSaveOrReplicate(AbstractSaveEventListener.java:287)
	at org.hibernate.event.internal.AbstractSaveEventListener.performSave(AbstractSaveEventListener.java:193)
	at org.hibernate.event.internal.AbstractSaveEventListener.saveWithGeneratedId(AbstractSaveEventListener.java:123)
	at org.hibernate.event.internal.DefaultPersistEventListener.entityIsTransient(DefaultPersistEventListener.java:185)
	at org.hibernate.event.internal.DefaultPersistEventListener.onPersist(DefaultPersistEventListener.java:128)
	at org.hibernate.event.internal.DefaultPersistEventListener.onPersist(DefaultPersistEventListener.java:55)
	at org.hibernate.event.service.internal.EventListenerGroupImpl.fireEventOnEachListener(EventListenerGroupImpl.java:101)
	at org.hibernate.internal.SessionImpl.firePersist(SessionImpl.java:703)
	at org.hibernate.internal.SessionImpl.persist(SessionImpl.java:689)
	at chapter07.validator.ValidatorTest.persist(ValidatorTest.java:19)
	at chapter07.validator.ValidatorTest.createValidatedPoorFNamePerson2(ValidatorTest.java:63)
	at java.base/java.util.ArrayList.forEach(ArrayList.java:1541)
... Removed 37 stack frames</pre></div><a href='#' onClick='toggleBox("stack-trace1222267142", this, "Click to show all stack frames", "Click to hide stack frames")'>Click to show all stack frames</a>
<div class='stack-trace' id='stack-trace1222267142'><pre>javax.validation.ConstraintViolationException: Validation failed for classes [chapter07.validated.ValidatedPerson] during persist time for groups [javax.validation.groups.Default, ]
List of constraint violations:[
	ConstraintViolationImpl{interpolatedMessage=&apos;size must be between 2 and 60&apos;, propertyPath=fname, rootBeanClass=class chapter07.validated.ValidatedPerson, messageTemplate=&apos;{javax.validation.constraints.Size.message}&apos;}
]
	at org.hibernate.cfg.beanvalidation.BeanValidationEventListener.validate(BeanValidationEventListener.java:139)
	at org.hibernate.cfg.beanvalidation.BeanValidationEventListener.onPreInsert(BeanValidationEventListener.java:80)
	at org.hibernate.action.internal.EntityIdentityInsertAction.preInsert(EntityIdentityInsertAction.java:186)
	at org.hibernate.action.internal.EntityIdentityInsertAction.execute(EntityIdentityInsertAction.java:76)
	at org.hibernate.engine.spi.ActionQueue.execute(ActionQueue.java:646)
	at org.hibernate.engine.spi.ActionQueue.addResolvedEntityInsertAction(ActionQueue.java:283)
	at org.hibernate.engine.spi.ActionQueue.addInsertAction(ActionQueue.java:264)
	at org.hibernate.engine.spi.ActionQueue.addAction(ActionQueue.java:318)
	at org.hibernate.event.internal.AbstractSaveEventListener.addInsertAction(AbstractSaveEventListener.java:336)
	at org.hibernate.event.internal.AbstractSaveEventListener.performSaveOrReplicate(AbstractSaveEventListener.java:287)
	at org.hibernate.event.internal.AbstractSaveEventListener.performSave(AbstractSaveEventListener.java:193)
	at org.hibernate.event.internal.AbstractSaveEventListener.saveWithGeneratedId(AbstractSaveEventListener.java:123)
	at org.hibernate.event.internal.DefaultPersistEventListener.entityIsTransient(DefaultPersistEventListener.java:185)
	at org.hibernate.event.internal.DefaultPersistEventListener.onPersist(DefaultPersistEventListener.java:128)
	at org.hibernate.event.internal.DefaultPersistEventListener.onPersist(DefaultPersistEventListener.java:55)
	at org.hibernate.event.service.internal.EventListenerGroupImpl.fireEventOnEachListener(EventListenerGroupImpl.java:101)
	at org.hibernate.internal.SessionImpl.firePersist(SessionImpl.java:703)
	at org.hibernate.internal.SessionImpl.persist(SessionImpl.java:689)
	at chapter07.validator.ValidatorTest.persist(ValidatorTest.java:19)
	at chapter07.validator.ValidatorTest.createValidatedPoorFNamePerson2(ValidatorTest.java:63)
	at java.base/jdk.internal.reflect.NativeMethodAccessorImpl.invoke0(Native Method)
	at java.base/jdk.internal.reflect.NativeMethodAccessorImpl.invoke(NativeMethodAccessorImpl.java:62)
	at java.base/jdk.internal.reflect.DelegatingMethodAccessorImpl.invoke(DelegatingMethodAccessorImpl.java:43)
	at java.base/java.lang.reflect.Method.invoke(Method.java:566)
	at org.testng.internal.MethodInvocationHelper.invokeMethod(MethodInvocationHelper.java:133)
	at org.testng.internal.TestInvoker.invokeMethod(TestInvoker.java:598)
	at org.testng.internal.TestInvoker.invokeTestMethod(TestInvoker.java:173)
	at org.testng.internal.MethodRunner.runInSequence(MethodRunner.java:46)
	at org.testng.internal.TestInvoker$MethodInvocationAgent.invoke(TestInvoker.java:824)
	at org.testng.internal.TestInvoker.invokeTestMethods(TestInvoker.java:146)
	at org.testng.internal.TestMethodWorker.invokeTestMethods(TestMethodWorker.java:146)
	at org.testng.internal.TestMethodWorker.run(TestMethodWorker.java:128)
	at java.base/java.util.ArrayList.forEach(ArrayList.java:1541)
	at org.testng.TestRunner.privateRun(TestRunner.java:794)
	at org.testng.TestRunner.run(TestRunner.java:596)
	at org.testng.SuiteRunner.runTest(SuiteRunner.java:377)
	at org.testng.SuiteRunner.runSequentially(SuiteRunner.java:371)
	at org.testng.SuiteRunner.privateRun(SuiteRunner.java:332)
	at org.testng.SuiteRunner.run(SuiteRunner.java:276)
	at org.testng.SuiteRunnerWorker.runSuite(SuiteRunnerWorker.java:53)
	at org.testng.SuiteRunnerWorker.run(SuiteRunnerWorker.java:96)
	at org.testng.TestNG.runSuitesSequentially(TestNG.java:1212)
	at org.testng.TestNG.runSuitesLocally(TestNG.java:1134)
	at org.testng.TestNG.runSuites(TestNG.java:1063)
	at org.testng.TestNG.run(TestNG.java:1031)
	at org.apache.maven.surefire.testng.TestNGExecutor.run(TestNGExecutor.java:77)
	at org.apache.maven.surefire.testng.TestNGDirectoryTestSuite.executeMulti(TestNGDirectoryTestSuite.java:159)
	at org.apache.maven.surefire.testng.TestNGDirectoryTestSuite.execute(TestNGDirectoryTestSuite.java:99)
	at org.apache.maven.surefire.testng.TestNGProvider.invoke(TestNGProvider.java:106)
	at java.base/jdk.internal.reflect.NativeMethodAccessorImpl.invoke0(Native Method)
	at java.base/jdk.internal.reflect.NativeMethodAccessorImpl.invoke(NativeMethodAccessorImpl.java:62)
	at java.base/jdk.internal.reflect.DelegatingMethodAccessorImpl.invoke(DelegatingMethodAccessorImpl.java:43)
	at java.base/java.lang.reflect.Method.invoke(Method.java:566)
	at org.apache.maven.surefire.util.ReflectionUtils.invokeMethodWithArray(ReflectionUtils.java:189)
	at org.apache.maven.surefire.booter.ProviderFactory$ProviderProxy.invoke(ProviderFactory.java:165)
	at org.apache.maven.surefire.booter.ProviderFactory.invokeProvider(ProviderFactory.java:85)
	at org.apache.maven.surefire.booter.ForkedBooter.runSuitesInProcess(ForkedBooter.java:115)
	at org.apache.maven.surefire.booter.ForkedBooter.main(ForkedBooter.java:75)
</pre></div></td>
<td>0</td>
<td>chapter07.validator.ValidatorTest@3c19aaa5</td></tr>
<tr>
<td title='chapter07.validator.CoordinateTest.testValidCoordinate()'><b>testValidCoordinate</b><br>Test class: chapter07.validator.CoordinateTest<br>Parameters: 1, -1</td>
<td></td>
<td>0</td>
<td>chapter07.validator.CoordinateTest@6aeb35e6</td></tr>
<tr>
<td title='chapter07.validator.ValidatorTest.createValidPerson()'><b>createValidPerson</b><br>Test class: chapter07.validator.ValidatorTest</td>
<td></td>
<td>0</td>
<td>chapter07.validator.ValidatorTest@3c19aaa5</td></tr>
<tr>
<td title='chapter07.validator.ValidatorTest.createValidatedUnderagePerson()'><b>createValidatedUnderagePerson</b><br>Test class: chapter07.validator.ValidatorTest</td>
<td><div><pre>javax.validation.ConstraintViolationException: Validation failed for classes [chapter07.validated.ValidatedPerson] during persist time for groups [javax.validation.groups.Default, ]
List of constraint violations:[
	ConstraintViolationImpl{interpolatedMessage=&apos;must be greater than or equal to 13&apos;, propertyPath=age, rootBeanClass=class chapter07.validated.ValidatedPerson, messageTemplate=&apos;{javax.validation.constraints.Min.message}&apos;}
]
	at org.hibernate.cfg.beanvalidation.BeanValidationEventListener.validate(BeanValidationEventListener.java:139)
	at org.hibernate.cfg.beanvalidation.BeanValidationEventListener.onPreInsert(BeanValidationEventListener.java:80)
	at org.hibernate.action.internal.EntityIdentityInsertAction.preInsert(EntityIdentityInsertAction.java:186)
	at org.hibernate.action.internal.EntityIdentityInsertAction.execute(EntityIdentityInsertAction.java:76)
	at org.hibernate.engine.spi.ActionQueue.execute(ActionQueue.java:646)
	at org.hibernate.engine.spi.ActionQueue.addResolvedEntityInsertAction(ActionQueue.java:283)
	at org.hibernate.engine.spi.ActionQueue.addInsertAction(ActionQueue.java:264)
	at org.hibernate.engine.spi.ActionQueue.addAction(ActionQueue.java:318)
	at org.hibernate.event.internal.AbstractSaveEventListener.addInsertAction(AbstractSaveEventListener.java:336)
	at org.hibernate.event.internal.AbstractSaveEventListener.performSaveOrReplicate(AbstractSaveEventListener.java:287)
	at org.hibernate.event.internal.AbstractSaveEventListener.performSave(AbstractSaveEventListener.java:193)
	at org.hibernate.event.internal.AbstractSaveEventListener.saveWithGeneratedId(AbstractSaveEventListener.java:123)
	at org.hibernate.event.internal.DefaultPersistEventListener.entityIsTransient(DefaultPersistEventListener.java:185)
	at org.hibernate.event.internal.DefaultPersistEventListener.onPersist(DefaultPersistEventListener.java:128)
	at org.hibernate.event.internal.DefaultPersistEventListener.onPersist(DefaultPersistEventListener.java:55)
	at org.hibernate.event.service.internal.EventListenerGroupImpl.fireEventOnEachListener(EventListenerGroupImpl.java:101)
	at org.hibernate.internal.SessionImpl.firePersist(SessionImpl.java:703)
	at org.hibernate.internal.SessionImpl.persist(SessionImpl.java:689)
	at chapter07.validator.ValidatorTest.persist(ValidatorTest.java:19)
	at chapter07.validator.ValidatorTest.createValidatedUnderagePerson(ValidatorTest.java:54)
	at java.base/java.util.ArrayList.forEach(ArrayList.java:1541)
... Removed 37 stack frames</pre></div><a href='#' onClick='toggleBox("stack-trace1126178692", this, "Click to show all stack frames", "Click to hide stack frames")'>Click to show all stack frames</a>
<div class='stack-trace' id='stack-trace1126178692'><pre>javax.validation.ConstraintViolationException: Validation failed for classes [chapter07.validated.ValidatedPerson] during persist time for groups [javax.validation.groups.Default, ]
List of constraint violations:[
	ConstraintViolationImpl{interpolatedMessage=&apos;must be greater than or equal to 13&apos;, propertyPath=age, rootBeanClass=class chapter07.validated.ValidatedPerson, messageTemplate=&apos;{javax.validation.constraints.Min.message}&apos;}
]
	at org.hibernate.cfg.beanvalidation.BeanValidationEventListener.validate(BeanValidationEventListener.java:139)
	at org.hibernate.cfg.beanvalidation.BeanValidationEventListener.onPreInsert(BeanValidationEventListener.java:80)
	at org.hibernate.action.internal.EntityIdentityInsertAction.preInsert(EntityIdentityInsertAction.java:186)
	at org.hibernate.action.internal.EntityIdentityInsertAction.execute(EntityIdentityInsertAction.java:76)
	at org.hibernate.engine.spi.ActionQueue.execute(ActionQueue.java:646)
	at org.hibernate.engine.spi.ActionQueue.addResolvedEntityInsertAction(ActionQueue.java:283)
	at org.hibernate.engine.spi.ActionQueue.addInsertAction(ActionQueue.java:264)
	at org.hibernate.engine.spi.ActionQueue.addAction(ActionQueue.java:318)
	at org.hibernate.event.internal.AbstractSaveEventListener.addInsertAction(AbstractSaveEventListener.java:336)
	at org.hibernate.event.internal.AbstractSaveEventListener.performSaveOrReplicate(AbstractSaveEventListener.java:287)
	at org.hibernate.event.internal.AbstractSaveEventListener.performSave(AbstractSaveEventListener.java:193)
	at org.hibernate.event.internal.AbstractSaveEventListener.saveWithGeneratedId(AbstractSaveEventListener.java:123)
	at org.hibernate.event.internal.DefaultPersistEventListener.entityIsTransient(DefaultPersistEventListener.java:185)
	at org.hibernate.event.internal.DefaultPersistEventListener.onPersist(DefaultPersistEventListener.java:128)
	at org.hibernate.event.internal.DefaultPersistEventListener.onPersist(DefaultPersistEventListener.java:55)
	at org.hibernate.event.service.internal.EventListenerGroupImpl.fireEventOnEachListener(EventListenerGroupImpl.java:101)
	at org.hibernate.internal.SessionImpl.firePersist(SessionImpl.java:703)
	at org.hibernate.internal.SessionImpl.persist(SessionImpl.java:689)
	at chapter07.validator.ValidatorTest.persist(ValidatorTest.java:19)
	at chapter07.validator.ValidatorTest.createValidatedUnderagePerson(ValidatorTest.java:54)
	at java.base/jdk.internal.reflect.NativeMethodAccessorImpl.invoke0(Native Method)
	at java.base/jdk.internal.reflect.NativeMethodAccessorImpl.invoke(NativeMethodAccessorImpl.java:62)
	at java.base/jdk.internal.reflect.DelegatingMethodAccessorImpl.invoke(DelegatingMethodAccessorImpl.java:43)
	at java.base/java.lang.reflect.Method.invoke(Method.java:566)
	at org.testng.internal.MethodInvocationHelper.invokeMethod(MethodInvocationHelper.java:133)
	at org.testng.internal.TestInvoker.invokeMethod(TestInvoker.java:598)
	at org.testng.internal.TestInvoker.invokeTestMethod(TestInvoker.java:173)
	at org.testng.internal.MethodRunner.runInSequence(MethodRunner.java:46)
	at org.testng.internal.TestInvoker$MethodInvocationAgent.invoke(TestInvoker.java:824)
	at org.testng.internal.TestInvoker.invokeTestMethods(TestInvoker.java:146)
	at org.testng.internal.TestMethodWorker.invokeTestMethods(TestMethodWorker.java:146)
	at org.testng.internal.TestMethodWorker.run(TestMethodWorker.java:128)
	at java.base/java.util.ArrayList.forEach(ArrayList.java:1541)
	at org.testng.TestRunner.privateRun(TestRunner.java:794)
	at org.testng.TestRunner.run(TestRunner.java:596)
	at org.testng.SuiteRunner.runTest(SuiteRunner.java:377)
	at org.testng.SuiteRunner.runSequentially(SuiteRunner.java:371)
	at org.testng.SuiteRunner.privateRun(SuiteRunner.java:332)
	at org.testng.SuiteRunner.run(SuiteRunner.java:276)
	at org.testng.SuiteRunnerWorker.runSuite(SuiteRunnerWorker.java:53)
	at org.testng.SuiteRunnerWorker.run(SuiteRunnerWorker.java:96)
	at org.testng.TestNG.runSuitesSequentially(TestNG.java:1212)
	at org.testng.TestNG.runSuitesLocally(TestNG.java:1134)
	at org.testng.TestNG.runSuites(TestNG.java:1063)
	at org.testng.TestNG.run(TestNG.java:1031)
	at org.apache.maven.surefire.testng.TestNGExecutor.run(TestNGExecutor.java:77)
	at org.apache.maven.surefire.testng.TestNGDirectoryTestSuite.executeMulti(TestNGDirectoryTestSuite.java:159)
	at org.apache.maven.surefire.testng.TestNGDirectoryTestSuite.execute(TestNGDirectoryTestSuite.java:99)
	at org.apache.maven.surefire.testng.TestNGProvider.invoke(TestNGProvider.java:106)
	at java.base/jdk.internal.reflect.NativeMethodAccessorImpl.invoke0(Native Method)
	at java.base/jdk.internal.reflect.NativeMethodAccessorImpl.invoke(NativeMethodAccessorImpl.java:62)
	at java.base/jdk.internal.reflect.DelegatingMethodAccessorImpl.invoke(DelegatingMethodAccessorImpl.java:43)
	at java.base/java.lang.reflect.Method.invoke(Method.java:566)
	at org.apache.maven.surefire.util.ReflectionUtils.invokeMethodWithArray(ReflectionUtils.java:189)
	at org.apache.maven.surefire.booter.ProviderFactory$ProviderProxy.invoke(ProviderFactory.java:165)
	at org.apache.maven.surefire.booter.ProviderFactory.invokeProvider(ProviderFactory.java:85)
	at org.apache.maven.surefire.booter.ForkedBooter.runSuitesInProcess(ForkedBooter.java:115)
	at org.apache.maven.surefire.booter.ForkedBooter.main(ForkedBooter.java:75)
</pre></div></td>
<td>0</td>
<td>chapter07.validator.ValidatorTest@3c19aaa5</td></tr>
<tr>
<td title='chapter07.lifecycle.FirstLifecycleTest.testLifecycle()'><b>testLifecycle</b><br>Test class: chapter07.lifecycle.FirstLifecycleTest<br/>
<a href="#Output-1085479446" onClick='toggleBox("Output-1085479446", this, "Show output", "Hide output");'>Show output</a>

<a href="#Output-1085479446" onClick="toggleAllBoxes();">Show all outputs</a>
<div class='log' id="Output-1085479446">
attempted to load nonexistent reference<br/>
</div>
</td>
<td></td>
<td>0</td>
<td>chapter07.lifecycle.FirstLifecycleTest@42a48628</td></tr>
<tr>
<td title='chapter07.lifecycle.LifecycleTest.prepersistException()'><b>prepersistException</b><br>Test class: chapter07.lifecycle.LifecycleTest</td>
<td></td>
<td>0</td>
<td>chapter07.lifecycle.LifecycleTest@293a5bf6</td></tr>
<tr>
<td title='chapter07.validator.CoordinateTest.testValidCoordinate()'><b>testValidCoordinate</b><br>Test class: chapter07.validator.CoordinateTest<br>Parameters: 0, 0</td>
<td></td>
<td>0</td>
<td>chapter07.validator.CoordinateTest@6aeb35e6</td></tr>
<tr>
<td title='chapter07.validator.CoordinateTest.testValidCoordinate()'><b>testValidCoordinate</b><br>Test class: chapter07.validator.CoordinateTest<br>Parameters: 0, -1</td>
<td></td>
<td>0</td>
<td>chapter07.validator.CoordinateTest@6aeb35e6</td></tr>
<tr>
<td title='chapter07.validator.CoordinateTest.testValidCoordinate()'><b>testValidCoordinate</b><br>Test class: chapter07.validator.CoordinateTest<br>Parameters: 1, 1</td>
<td></td>
<td>0</td>
<td>chapter07.validator.CoordinateTest@6aeb35e6</td></tr>
<tr>
<td title='chapter07.validator.ParameterizedTest.testValidations()'><b>testValidations</b><br>Test class: chapter07.validator.ParameterizedTest<br>Parameters: J, McYoungster, 14, true</td>
<td></td>
<td>0</td>
<td>chapter07.validator.ParameterizedTest@f6efaab</td></tr>
<tr>
<td title='chapter07.validator.CoordinateTest.testValidCoordinate()'><b>testValidCoordinate</b><br>Test class: chapter07.validator.CoordinateTest<br>Parameters: 1, 0</td>
<td></td>
<td>0</td>
<td>chapter07.validator.CoordinateTest@6aeb35e6</td></tr>
<tr>
<td title='chapter07.validator.ValidatorTest.createUnvalidatedUnderagePerson()'><b>createUnvalidatedUnderagePerson</b><br>Test class: chapter07.validator.ValidatorTest</td>
<td></td>
<td>0</td>
<td>chapter07.validator.ValidatorTest@3c19aaa5</td></tr>
</table><p>
</body>
</html>